[0.287s] Invoking command in '/home/alumno1/Documents/TP4-PRA-LopezVilaclara/ros2_ws/build/custom_code': CMAKE_PREFIX_PATH=/home/alumno1/Documents/TP4-PRA-LopezVilaclara/ros2_ws/install/custom_msgs:/home/alumno1/Documents/TP4-PRA-LopezVilaclara/ros2_ws/install/turtlebot3_custom_simulation:/home/alumno1/turtlebot3_ws/install/turtlebot3:/home/alumno1/turtlebot3_ws/install/turtlebot3_simulations:/home/alumno1/turtlebot3_ws/install/turtlebot3_bringup:/home/alumno1/turtlebot3_ws/install/turtlebot3_node:/home/alumno1/turtlebot3_ws/install/turtlebot3_navigation2:/home/alumno1/turtlebot3_ws/install/turtlebot3_fake_node:/home/alumno1/turtlebot3_ws/install/turtlebot3_custom_simulation:/home/alumno1/turtlebot3_ws/install/turtlebot3_msgs:/home/alumno1/turtlebot3_ws/install/turtlebot3_gazebo:/home/alumno1/turtlebot3_ws/install/turtlebot3_description:/home/alumno1/turtlebot3_ws/install/turtlebot3_cartographer:/home/alumno1/turtlebot3_ws/install/dynamixel_sdk_examples:/home/alumno1/turtlebot3_ws/install/dynamixel_sdk_custom_interfaces:/home/alumno1/turtlebot3_ws/install/dynamixel_sdk LD_LIBRARY_PATH=/home/alumno1/Documents/TP4-PRA-LopezVilaclara/ros2_ws/install/custom_msgs/lib:/home/alumno1/turtlebot3_ws/install/turtlebot3_msgs/lib:/home/alumno1/turtlebot3_ws/install/dynamixel_sdk_custom_interfaces/lib:/home/alumno1/turtlebot3_ws/install/dynamixel_sdk/lib:/usr/lib/x86_64-linux-gnu/gazebo-11/plugins:/opt/ros/humble/opt/rviz_ogre_vendor/lib:/opt/ros/humble/lib/x86_64-linux-gnu:/opt/ros/humble/lib:/usr/lib/x86_64-linux-gnu/gazebo-11/plugins PYTHONPATH=/home/alumno1/Documents/TP4-PRA-LopezVilaclara/ros2_ws/build/custom_code/prefix_override:/usr/lib/python3/dist-packages/colcon_core/task/python/colcon_distutils_commands:/home/alumno1/Documents/TP4-PRA-LopezVilaclara/ros2_ws/install/custom_code/lib/python3.10/site-packages:${PYTHONPATH} /usr/bin/python3 -W ignore:setup.py install is deprecated -W ignore:easy_install command is deprecated setup.py develop --editable --build-directory /home/alumno1/Documents/TP4-PRA-LopezVilaclara/ros2_ws/build/custom_code/build --no-deps symlink_data
[0.409s] running develop
[0.477s] running egg_info
[0.477s] creating custom_code.egg-info
[0.477s] writing custom_code.egg-info/PKG-INFO
[0.477s] writing dependency_links to custom_code.egg-info/dependency_links.txt
[0.477s] writing entry points to custom_code.egg-info/entry_points.txt
[0.477s] writing requirements to custom_code.egg-info/requires.txt
[0.477s] writing top-level names to custom_code.egg-info/top_level.txt
[0.477s] writing manifest file 'custom_code.egg-info/SOURCES.txt'
[0.478s] reading manifest file 'custom_code.egg-info/SOURCES.txt'
[0.478s] writing manifest file 'custom_code.egg-info/SOURCES.txt'
[0.479s] running build_ext
[0.479s] Creating /home/alumno1/Documents/TP4-PRA-LopezVilaclara/ros2_ws/install/custom_code/lib/python3.10/site-packages/custom-code.egg-link (link to .)
[0.479s] Installing ekf script to /home/alumno1/Documents/TP4-PRA-LopezVilaclara/ros2_ws/install/custom_code/lib/custom_code
[0.479s] Installing ekf_correction script to /home/alumno1/Documents/TP4-PRA-LopezVilaclara/ros2_ws/install/custom_code/lib/custom_code
[0.479s] Installing ekf_prediction script to /home/alumno1/Documents/TP4-PRA-LopezVilaclara/ros2_ws/install/custom_code/lib/custom_code
[0.479s] Installing feature_finder script to /home/alumno1/Documents/TP4-PRA-LopezVilaclara/ros2_ws/install/custom_code/lib/custom_code
[0.479s] Installing features script to /home/alumno1/Documents/TP4-PRA-LopezVilaclara/ros2_ws/install/custom_code/lib/custom_code
[0.479s] Installing likelihood script to /home/alumno1/Documents/TP4-PRA-LopezVilaclara/ros2_ws/install/custom_code/lib/custom_code
[0.479s] Installing localization script to /home/alumno1/Documents/TP4-PRA-LopezVilaclara/ros2_ws/install/custom_code/lib/custom_code
[0.479s] Installing my_tf script to /home/alumno1/Documents/TP4-PRA-LopezVilaclara/ros2_ws/install/custom_code/lib/custom_code
[0.479s] 
[0.479s] Installed /home/alumno1/Documents/TP4-PRA-LopezVilaclara/ros2_ws/build/custom_code
[0.479s] running symlink_data
[0.480s] creating /home/alumno1/Documents/TP4-PRA-LopezVilaclara/ros2_ws/install/custom_code/share/ament_index
[0.480s] creating /home/alumno1/Documents/TP4-PRA-LopezVilaclara/ros2_ws/install/custom_code/share/ament_index/resource_index
[0.480s] creating /home/alumno1/Documents/TP4-PRA-LopezVilaclara/ros2_ws/install/custom_code/share/ament_index/resource_index/packages
[0.480s] symbolically linking /home/alumno1/Documents/TP4-PRA-LopezVilaclara/ros2_ws/build/custom_code/resource/custom_code -> /home/alumno1/Documents/TP4-PRA-LopezVilaclara/ros2_ws/install/custom_code/share/ament_index/resource_index/packages
[0.480s] symbolically linking /home/alumno1/Documents/TP4-PRA-LopezVilaclara/ros2_ws/build/custom_code/package.xml -> /home/alumno1/Documents/TP4-PRA-LopezVilaclara/ros2_ws/install/custom_code/share/custom_code
[0.480s] creating /home/alumno1/Documents/TP4-PRA-LopezVilaclara/ros2_ws/install/custom_code/share/custom_code/launch
[0.480s] symbolically linking /home/alumno1/Documents/TP4-PRA-LopezVilaclara/ros2_ws/build/custom_code/launch/launch_my_tf.launch.py -> /home/alumno1/Documents/TP4-PRA-LopezVilaclara/ros2_ws/install/custom_code/share/custom_code/launch
[0.480s] symbolically linking /home/alumno1/Documents/TP4-PRA-LopezVilaclara/ros2_ws/build/custom_code/launch/launch_my_ekf.launch.py -> /home/alumno1/Documents/TP4-PRA-LopezVilaclara/ros2_ws/install/custom_code/share/custom_code/launch
[0.480s] symbolically linking /home/alumno1/Documents/TP4-PRA-LopezVilaclara/ros2_ws/build/custom_code/launch/launch_my_particles.launch.py -> /home/alumno1/Documents/TP4-PRA-LopezVilaclara/ros2_ws/install/custom_code/share/custom_code/launch
[0.480s] creating /home/alumno1/Documents/TP4-PRA-LopezVilaclara/ros2_ws/install/custom_code/share/custom_code/rviz
[0.480s] symbolically linking /home/alumno1/Documents/TP4-PRA-LopezVilaclara/ros2_ws/build/custom_code/rviz/tf.rviz -> /home/alumno1/Documents/TP4-PRA-LopezVilaclara/ros2_ws/install/custom_code/share/custom_code/rviz
[0.480s] symbolically linking /home/alumno1/Documents/TP4-PRA-LopezVilaclara/ros2_ws/build/custom_code/rviz/particulas.rviz -> /home/alumno1/Documents/TP4-PRA-LopezVilaclara/ros2_ws/install/custom_code/share/custom_code/rviz
[0.480s] symbolically linking /home/alumno1/Documents/TP4-PRA-LopezVilaclara/ros2_ws/build/custom_code/rviz/ekf.rviz -> /home/alumno1/Documents/TP4-PRA-LopezVilaclara/ros2_ws/install/custom_code/share/custom_code/rviz
[0.492s] Invoked command in '/home/alumno1/Documents/TP4-PRA-LopezVilaclara/ros2_ws/build/custom_code' returned '0': CMAKE_PREFIX_PATH=/home/alumno1/Documents/TP4-PRA-LopezVilaclara/ros2_ws/install/custom_msgs:/home/alumno1/Documents/TP4-PRA-LopezVilaclara/ros2_ws/install/turtlebot3_custom_simulation:/home/alumno1/turtlebot3_ws/install/turtlebot3:/home/alumno1/turtlebot3_ws/install/turtlebot3_simulations:/home/alumno1/turtlebot3_ws/install/turtlebot3_bringup:/home/alumno1/turtlebot3_ws/install/turtlebot3_node:/home/alumno1/turtlebot3_ws/install/turtlebot3_navigation2:/home/alumno1/turtlebot3_ws/install/turtlebot3_fake_node:/home/alumno1/turtlebot3_ws/install/turtlebot3_custom_simulation:/home/alumno1/turtlebot3_ws/install/turtlebot3_msgs:/home/alumno1/turtlebot3_ws/install/turtlebot3_gazebo:/home/alumno1/turtlebot3_ws/install/turtlebot3_description:/home/alumno1/turtlebot3_ws/install/turtlebot3_cartographer:/home/alumno1/turtlebot3_ws/install/dynamixel_sdk_examples:/home/alumno1/turtlebot3_ws/install/dynamixel_sdk_custom_interfaces:/home/alumno1/turtlebot3_ws/install/dynamixel_sdk LD_LIBRARY_PATH=/home/alumno1/Documents/TP4-PRA-LopezVilaclara/ros2_ws/install/custom_msgs/lib:/home/alumno1/turtlebot3_ws/install/turtlebot3_msgs/lib:/home/alumno1/turtlebot3_ws/install/dynamixel_sdk_custom_interfaces/lib:/home/alumno1/turtlebot3_ws/install/dynamixel_sdk/lib:/usr/lib/x86_64-linux-gnu/gazebo-11/plugins:/opt/ros/humble/opt/rviz_ogre_vendor/lib:/opt/ros/humble/lib/x86_64-linux-gnu:/opt/ros/humble/lib:/usr/lib/x86_64-linux-gnu/gazebo-11/plugins PYTHONPATH=/home/alumno1/Documents/TP4-PRA-LopezVilaclara/ros2_ws/build/custom_code/prefix_override:/usr/lib/python3/dist-packages/colcon_core/task/python/colcon_distutils_commands:/home/alumno1/Documents/TP4-PRA-LopezVilaclara/ros2_ws/install/custom_code/lib/python3.10/site-packages:${PYTHONPATH} /usr/bin/python3 -W ignore:setup.py install is deprecated -W ignore:easy_install command is deprecated setup.py develop --editable --build-directory /home/alumno1/Documents/TP4-PRA-LopezVilaclara/ros2_ws/build/custom_code/build --no-deps symlink_data
