[0.269s] Invoking command in '/home/alumno1/Documents/TP5-PRA-LopezVilaclara/ros2_ws/src/custom_code': CMAKE_PREFIX_PATH=/home/alumno1/Documents/TP5-PRA-LopezVilaclara/ros2_ws/install/custom_msgs:/home/alumno1/Documents/TP5-PRA-LopezVilaclara/ros2_ws/install/turtlebot3_custom_simulation:/home/alumno1/turtlebot3_ws/install/turtlebot3:/home/alumno1/turtlebot3_ws/install/turtlebot3_simulations:/home/alumno1/turtlebot3_ws/install/turtlebot3_bringup:/home/alumno1/turtlebot3_ws/install/turtlebot3_node:/home/alumno1/turtlebot3_ws/install/turtlebot3_navigation2:/home/alumno1/turtlebot3_ws/install/turtlebot3_fake_node:/home/alumno1/turtlebot3_ws/install/turtlebot3_custom_simulation:/home/alumno1/turtlebot3_ws/install/turtlebot3_msgs:/home/alumno1/turtlebot3_ws/install/turtlebot3_gazebo:/home/alumno1/turtlebot3_ws/install/turtlebot3_description:/home/alumno1/turtlebot3_ws/install/turtlebot3_cartographer:/home/alumno1/turtlebot3_ws/install/dynamixel_sdk_examples:/home/alumno1/turtlebot3_ws/install/dynamixel_sdk_custom_interfaces:/home/alumno1/turtlebot3_ws/install/dynamixel_sdk LD_LIBRARY_PATH=/home/alumno1/Documents/TP5-PRA-LopezVilaclara/ros2_ws/install/custom_msgs/lib:/home/alumno1/turtlebot3_ws/install/turtlebot3_msgs/lib:/home/alumno1/turtlebot3_ws/install/dynamixel_sdk_custom_interfaces/lib:/home/alumno1/turtlebot3_ws/install/dynamixel_sdk/lib:/usr/lib/x86_64-linux-gnu/gazebo-11/plugins:/opt/ros/humble/opt/rviz_ogre_vendor/lib:/opt/ros/humble/lib/x86_64-linux-gnu:/opt/ros/humble/lib:/usr/lib/x86_64-linux-gnu/gazebo-11/plugins PYTHONPATH=/home/alumno1/Documents/TP5-PRA-LopezVilaclara/ros2_ws/build/custom_code/prefix_override:/usr/lib/python3/dist-packages/colcon_core/task/python/colcon_distutils_commands:/home/alumno1/Documents/TP5-PRA-LopezVilaclara/ros2_ws/install/custom_code/lib/python3.10/site-packages:${PYTHONPATH} /usr/bin/python3 -W ignore:setup.py install is deprecated -W ignore:easy_install command is deprecated setup.py egg_info --egg-base ../../build/custom_code build --build-base /home/alumno1/Documents/TP5-PRA-LopezVilaclara/ros2_ws/build/custom_code/build install --record /home/alumno1/Documents/TP5-PRA-LopezVilaclara/ros2_ws/build/custom_code/install.log --single-version-externally-managed install_data
[0.369s] running egg_info
[0.369s] writing ../../build/custom_code/custom_code.egg-info/PKG-INFO
[0.370s] writing dependency_links to ../../build/custom_code/custom_code.egg-info/dependency_links.txt
[0.370s] writing entry points to ../../build/custom_code/custom_code.egg-info/entry_points.txt
[0.370s] writing requirements to ../../build/custom_code/custom_code.egg-info/requires.txt
[0.370s] writing top-level names to ../../build/custom_code/custom_code.egg-info/top_level.txt
[0.371s] reading manifest file '../../build/custom_code/custom_code.egg-info/SOURCES.txt'
[0.371s] writing manifest file '../../build/custom_code/custom_code.egg-info/SOURCES.txt'
[0.371s] running build
[0.371s] running build_py
[0.371s] copying custom_code/fastslam_correct.py -> /home/alumno1/Documents/TP5-PRA-LopezVilaclara/ros2_ws/build/custom_code/build/lib/custom_code
[0.371s] running install
[0.371s] running install_lib
[0.372s] copying /home/alumno1/Documents/TP5-PRA-LopezVilaclara/ros2_ws/build/custom_code/build/lib/custom_code/fastslam_correct.py -> /home/alumno1/Documents/TP5-PRA-LopezVilaclara/ros2_ws/install/custom_code/lib/python3.10/site-packages/custom_code
[0.372s] byte-compiling /home/alumno1/Documents/TP5-PRA-LopezVilaclara/ros2_ws/install/custom_code/lib/python3.10/site-packages/custom_code/fastslam_correct.py to fastslam_correct.cpython-310.pyc
[0.373s] running install_data
[0.373s] running install_egg_info
[0.374s] removing '/home/alumno1/Documents/TP5-PRA-LopezVilaclara/ros2_ws/install/custom_code/lib/python3.10/site-packages/custom_code-0.0.0-py3.10.egg-info' (and everything under it)
[0.374s] Copying ../../build/custom_code/custom_code.egg-info to /home/alumno1/Documents/TP5-PRA-LopezVilaclara/ros2_ws/install/custom_code/lib/python3.10/site-packages/custom_code-0.0.0-py3.10.egg-info
[0.374s] running install_scripts
[0.383s] Installing ekf script to /home/alumno1/Documents/TP5-PRA-LopezVilaclara/ros2_ws/install/custom_code/lib/custom_code
[0.383s] Installing ekf_correction script to /home/alumno1/Documents/TP5-PRA-LopezVilaclara/ros2_ws/install/custom_code/lib/custom_code
[0.383s] Installing ekf_prediction script to /home/alumno1/Documents/TP5-PRA-LopezVilaclara/ros2_ws/install/custom_code/lib/custom_code
[0.383s] Installing fastslam script to /home/alumno1/Documents/TP5-PRA-LopezVilaclara/ros2_ws/install/custom_code/lib/custom_code
[0.383s] Installing fastslam_node script to /home/alumno1/Documents/TP5-PRA-LopezVilaclara/ros2_ws/install/custom_code/lib/custom_code
[0.383s] Installing feature_finder script to /home/alumno1/Documents/TP5-PRA-LopezVilaclara/ros2_ws/install/custom_code/lib/custom_code
[0.383s] Installing features script to /home/alumno1/Documents/TP5-PRA-LopezVilaclara/ros2_ws/install/custom_code/lib/custom_code
[0.383s] Installing likelihood script to /home/alumno1/Documents/TP5-PRA-LopezVilaclara/ros2_ws/install/custom_code/lib/custom_code
[0.383s] Installing localization script to /home/alumno1/Documents/TP5-PRA-LopezVilaclara/ros2_ws/install/custom_code/lib/custom_code
[0.383s] Installing my_tf script to /home/alumno1/Documents/TP5-PRA-LopezVilaclara/ros2_ws/install/custom_code/lib/custom_code
[0.384s] writing list of installed files to '/home/alumno1/Documents/TP5-PRA-LopezVilaclara/ros2_ws/build/custom_code/install.log'
[0.393s] Invoked command in '/home/alumno1/Documents/TP5-PRA-LopezVilaclara/ros2_ws/src/custom_code' returned '0': CMAKE_PREFIX_PATH=/home/alumno1/Documents/TP5-PRA-LopezVilaclara/ros2_ws/install/custom_msgs:/home/alumno1/Documents/TP5-PRA-LopezVilaclara/ros2_ws/install/turtlebot3_custom_simulation:/home/alumno1/turtlebot3_ws/install/turtlebot3:/home/alumno1/turtlebot3_ws/install/turtlebot3_simulations:/home/alumno1/turtlebot3_ws/install/turtlebot3_bringup:/home/alumno1/turtlebot3_ws/install/turtlebot3_node:/home/alumno1/turtlebot3_ws/install/turtlebot3_navigation2:/home/alumno1/turtlebot3_ws/install/turtlebot3_fake_node:/home/alumno1/turtlebot3_ws/install/turtlebot3_custom_simulation:/home/alumno1/turtlebot3_ws/install/turtlebot3_msgs:/home/alumno1/turtlebot3_ws/install/turtlebot3_gazebo:/home/alumno1/turtlebot3_ws/install/turtlebot3_description:/home/alumno1/turtlebot3_ws/install/turtlebot3_cartographer:/home/alumno1/turtlebot3_ws/install/dynamixel_sdk_examples:/home/alumno1/turtlebot3_ws/install/dynamixel_sdk_custom_interfaces:/home/alumno1/turtlebot3_ws/install/dynamixel_sdk LD_LIBRARY_PATH=/home/alumno1/Documents/TP5-PRA-LopezVilaclara/ros2_ws/install/custom_msgs/lib:/home/alumno1/turtlebot3_ws/install/turtlebot3_msgs/lib:/home/alumno1/turtlebot3_ws/install/dynamixel_sdk_custom_interfaces/lib:/home/alumno1/turtlebot3_ws/install/dynamixel_sdk/lib:/usr/lib/x86_64-linux-gnu/gazebo-11/plugins:/opt/ros/humble/opt/rviz_ogre_vendor/lib:/opt/ros/humble/lib/x86_64-linux-gnu:/opt/ros/humble/lib:/usr/lib/x86_64-linux-gnu/gazebo-11/plugins PYTHONPATH=/home/alumno1/Documents/TP5-PRA-LopezVilaclara/ros2_ws/build/custom_code/prefix_override:/usr/lib/python3/dist-packages/colcon_core/task/python/colcon_distutils_commands:/home/alumno1/Documents/TP5-PRA-LopezVilaclara/ros2_ws/install/custom_code/lib/python3.10/site-packages:${PYTHONPATH} /usr/bin/python3 -W ignore:setup.py install is deprecated -W ignore:easy_install command is deprecated setup.py egg_info --egg-base ../../build/custom_code build --build-base /home/alumno1/Documents/TP5-PRA-LopezVilaclara/ros2_ws/build/custom_code/build install --record /home/alumno1/Documents/TP5-PRA-LopezVilaclara/ros2_ws/build/custom_code/install.log --single-version-externally-managed install_data
