[0.007s] Invoking command in '/home/alumno1/Documents/TP4-PRA-LopezVilaclara/ros2_ws/build/custom_msgs': CMAKE_PREFIX_PATH=${CMAKE_PREFIX_PATH}:/home/alumno1/turtlebot3_ws/install/turtlebot3_teleop:/home/alumno1/turtlebot3_ws/install/turtlebot3_example:/opt/ros/humble /usr/bin/cmake /home/alumno1/Documents/TP4-PRA-LopezVilaclara/ros2_ws/src/custom_msgs -DAMENT_CMAKE_SYMLINK_INSTALL=1 -DCMAKE_INSTALL_PREFIX=/home/alumno1/Documents/TP4-PRA-LopezVilaclara/ros2_ws/install/custom_msgs
[0.043s] -- The C compiler identification is GNU 11.4.0
[0.074s] -- The CXX compiler identification is GNU 11.4.0
[0.078s] -- Detecting C compiler ABI info
[0.118s] -- Detecting C compiler ABI info - done
[0.122s] -- Check for working C compiler: /usr/bin/cc - skipped
[0.122s] -- Detecting C compile features
[0.122s] -- Detecting C compile features - done
[0.124s] -- Detecting CXX compiler ABI info
[0.169s] -- Detecting CXX compiler ABI info - done
[0.173s] -- Check for working CXX compiler: /usr/bin/c++ - skipped
[0.173s] -- Detecting CXX compile features
[0.173s] -- Detecting CXX compile features - done
[0.174s] -- Found ament_cmake: 1.3.11 (/opt/ros/humble/share/ament_cmake/cmake)
[0.262s] -- Found Python3: /usr/bin/python3 (found version "3.10.12") found components: Interpreter 
[0.294s] -- Override CMake install command with custom implementation using symlinks instead of copying resources
[0.315s] -- Found geometry_msgs: 4.2.4 (/opt/ros/humble/share/geometry_msgs/cmake)
[0.337s] -- Found rosidl_generator_c: 3.1.6 (/opt/ros/humble/share/rosidl_generator_c/cmake)
[0.340s] -- Found rosidl_adapter: 3.1.6 (/opt/ros/humble/share/rosidl_adapter/cmake)
[0.345s] -- Found rosidl_generator_cpp: 3.1.6 (/opt/ros/humble/share/rosidl_generator_cpp/cmake)
[0.353s] -- Using all available rosidl_typesupport_c: rosidl_typesupport_fastrtps_c;rosidl_typesupport_introspection_c
[0.363s] -- Using all available rosidl_typesupport_cpp: rosidl_typesupport_fastrtps_cpp;rosidl_typesupport_introspection_cpp
[0.386s] -- Found rosidl_default_generators: 1.2.0 (/opt/ros/humble/share/rosidl_default_generators/cmake)
[0.392s] -- Found ament_lint_auto: 0.12.11 (/opt/ros/humble/share/ament_lint_auto/cmake)
[0.552s] -- Found ament_cmake_ros: 0.10.0 (/opt/ros/humble/share/ament_cmake_ros/cmake)
[0.771s] -- Using all available rosidl_typesupport_c: rosidl_typesupport_fastrtps_c;rosidl_typesupport_introspection_c
[0.857s] -- Using all available rosidl_typesupport_cpp: rosidl_typesupport_fastrtps_cpp;rosidl_typesupport_introspection_cpp
[0.873s] -- Found PythonInterp: /usr/bin/python3 (found suitable version "3.10.12", minimum required is "3.6") 
[0.874s] -- Found python_cmake_module: 0.10.0 (/opt/ros/humble/share/python_cmake_module/cmake)
[0.888s] -- Found PythonLibs: /usr/lib/x86_64-linux-gnu/libpython3.10.so (found suitable version "3.10.12", minimum required is "3.5") 
[0.888s] -- Using PYTHON_EXECUTABLE: /usr/bin/python3
[0.888s] -- Using PYTHON_INCLUDE_DIRS: /usr/include/python3.10
[0.889s] -- Using PYTHON_LIBRARIES: /usr/lib/x86_64-linux-gnu/libpython3.10.so
[0.899s] -- Found PythonExtra: .so  
[0.935s] -- Added test 'lint_cmake' to check CMake code style
[0.936s] -- Added test 'xmllint' to check XML markup files
[0.939s] -- Configuring done
[0.956s] -- Generating done
[0.962s] -- Build files have been written to: /home/alumno1/Documents/TP4-PRA-LopezVilaclara/ros2_ws/build/custom_msgs
[0.967s] Invoked command in '/home/alumno1/Documents/TP4-PRA-LopezVilaclara/ros2_ws/build/custom_msgs' returned '0': CMAKE_PREFIX_PATH=${CMAKE_PREFIX_PATH}:/home/alumno1/turtlebot3_ws/install/turtlebot3_teleop:/home/alumno1/turtlebot3_ws/install/turtlebot3_example:/opt/ros/humble /usr/bin/cmake /home/alumno1/Documents/TP4-PRA-LopezVilaclara/ros2_ws/src/custom_msgs -DAMENT_CMAKE_SYMLINK_INSTALL=1 -DCMAKE_INSTALL_PREFIX=/home/alumno1/Documents/TP4-PRA-LopezVilaclara/ros2_ws/install/custom_msgs
[0.968s] Invoking command in '/home/alumno1/Documents/TP4-PRA-LopezVilaclara/ros2_ws/build/custom_msgs': CMAKE_PREFIX_PATH=${CMAKE_PREFIX_PATH}:/home/alumno1/turtlebot3_ws/install/turtlebot3_teleop:/home/alumno1/turtlebot3_ws/install/turtlebot3_example:/opt/ros/humble /usr/bin/cmake --build /home/alumno1/Documents/TP4-PRA-LopezVilaclara/ros2_ws/build/custom_msgs -- -j28 -l28
[0.996s] [  2%] [34m[1mGenerating C code for ROS interfaces[0m
[1.002s] [  5%] [34m[1mGenerating C++ code for ROS interfaces[0m
[1.008s] [  5%] Built target ament_cmake_python_symlink_custom_msgs
[1.114s] running egg_info
[1.115s] creating custom_msgs.egg-info
[1.115s] writing custom_msgs.egg-info/PKG-INFO
[1.115s] writing dependency_links to custom_msgs.egg-info/dependency_links.txt
[1.115s] writing top-level names to custom_msgs.egg-info/top_level.txt
[1.115s] writing manifest file 'custom_msgs.egg-info/SOURCES.txt'
[1.116s] reading manifest file 'custom_msgs.egg-info/SOURCES.txt'
[1.116s] writing manifest file 'custom_msgs.egg-info/SOURCES.txt'
[1.131s] [  5%] Built target ament_cmake_python_build_custom_msgs_egg
[1.134s] [ 10%] [32mBuilding C object CMakeFiles/custom_msgs__rosidl_generator_c.dir/rosidl_generator_c/custom_msgs/msg/detail/delta_odom__functions.c.o[0m
[1.134s] [ 10%] [32mBuilding C object CMakeFiles/custom_msgs__rosidl_generator_c.dir/rosidl_generator_c/custom_msgs/msg/detail/belief__functions.c.o[0m
[1.155s] [ 10%] Built target custom_msgs__cpp
[1.161s] [ 12%] [34m[1mGenerating C++ type support dispatch for ROS interfaces[0m
[1.162s] [ 15%] [34m[1mGenerating C++ introspection for ROS interfaces[0m
[1.162s] [ 17%] [34m[1mGenerating C++ type support for eProsima Fast-RTPS[0m
[1.166s] [ 20%] [32m[1mLinking C shared library libcustom_msgs__rosidl_generator_c.so[0m
[1.188s] [ 20%] Built target custom_msgs__rosidl_generator_c
[1.196s] [ 28%] [34m[1mGenerating C type support dispatch for ROS interfaces[0m
[1.196s] [ 28%] [34m[1mGenerating C type support for eProsima Fast-RTPS[0m
[1.196s] [ 28%] [34m[1mGenerating C introspection for ROS interfaces[0m
[1.280s] [ 30%] [32mBuilding CXX object CMakeFiles/custom_msgs__rosidl_typesupport_cpp.dir/rosidl_typesupport_cpp/custom_msgs/msg/delta_odom__type_support.cpp.o[0m
[1.281s] [ 33%] [32mBuilding CXX object CMakeFiles/custom_msgs__rosidl_typesupport_cpp.dir/rosidl_typesupport_cpp/custom_msgs/msg/belief__type_support.cpp.o[0m
[1.287s] [ 38%] [32mBuilding CXX object CMakeFiles/custom_msgs__rosidl_typesupport_introspection_cpp.dir/rosidl_typesupport_introspection_cpp/custom_msgs/msg/detail/delta_odom__type_support.cpp.o[0m
[1.288s] [ 38%] [32mBuilding CXX object CMakeFiles/custom_msgs__rosidl_typesupport_introspection_cpp.dir/rosidl_typesupport_introspection_cpp/custom_msgs/msg/detail/belief__type_support.cpp.o[0m
[1.292s] [ 41%] [32mBuilding CXX object CMakeFiles/custom_msgs__rosidl_typesupport_fastrtps_cpp.dir/rosidl_typesupport_fastrtps_cpp/custom_msgs/msg/detail/dds_fastrtps/belief__type_support.cpp.o[0m
[1.293s] [ 43%] [32mBuilding CXX object CMakeFiles/custom_msgs__rosidl_typesupport_fastrtps_cpp.dir/rosidl_typesupport_fastrtps_cpp/custom_msgs/msg/detail/dds_fastrtps/delta_odom__type_support.cpp.o[0m
[1.320s] [ 46%] [32mBuilding CXX object CMakeFiles/custom_msgs__rosidl_typesupport_c.dir/rosidl_typesupport_c/custom_msgs/msg/belief__type_support.cpp.o[0m
[1.320s] [ 48%] [32mBuilding CXX object CMakeFiles/custom_msgs__rosidl_typesupport_c.dir/rosidl_typesupport_c/custom_msgs/msg/delta_odom__type_support.cpp.o[0m
[1.320s] [ 51%] [32mBuilding C object CMakeFiles/custom_msgs__rosidl_typesupport_introspection_c.dir/rosidl_typesupport_introspection_c/custom_msgs/msg/detail/belief__type_support.c.o[0m
[1.321s] [ 53%] [32mBuilding C object CMakeFiles/custom_msgs__rosidl_typesupport_introspection_c.dir/rosidl_typesupport_introspection_c/custom_msgs/msg/detail/delta_odom__type_support.c.o[0m
[1.329s] [ 58%] [32mBuilding CXX object CMakeFiles/custom_msgs__rosidl_typesupport_fastrtps_c.dir/rosidl_typesupport_fastrtps_c/custom_msgs/msg/detail/belief__type_support_c.cpp.o[0m
[1.329s] [ 58%] [32mBuilding CXX object CMakeFiles/custom_msgs__rosidl_typesupport_fastrtps_c.dir/rosidl_typesupport_fastrtps_c/custom_msgs/msg/detail/delta_odom__type_support_c.cpp.o[0m
[1.340s] [ 61%] [32m[1mLinking CXX shared library libcustom_msgs__rosidl_typesupport_c.so[0m
[1.345s] [ 64%] [32m[1mLinking C shared library libcustom_msgs__rosidl_typesupport_introspection_c.so[0m
[1.363s] [ 64%] Built target custom_msgs__rosidl_typesupport_c
[1.366s] [ 64%] Built target custom_msgs__rosidl_typesupport_introspection_c
[1.402s] [ 66%] [32m[1mLinking CXX shared library libcustom_msgs__rosidl_typesupport_cpp.so[0m
[1.425s] [ 66%] Built target custom_msgs__rosidl_typesupport_cpp
[1.477s] [ 69%] [32m[1mLinking CXX shared library libcustom_msgs__rosidl_typesupport_introspection_cpp.so[0m
[1.487s] [ 71%] [32m[1mLinking CXX shared library libcustom_msgs__rosidl_typesupport_fastrtps_cpp.so[0m
[1.498s] [ 74%] [32m[1mLinking CXX shared library libcustom_msgs__rosidl_typesupport_fastrtps_c.so[0m
[1.520s] [ 74%] Built target custom_msgs__rosidl_typesupport_introspection_cpp
[1.525s] [ 74%] Built target custom_msgs__rosidl_typesupport_fastrtps_cpp
[1.537s] [ 74%] Built target custom_msgs__rosidl_typesupport_fastrtps_c
[1.550s] [ 74%] Built target custom_msgs
[1.563s] [ 76%] [34m[1mGenerating Python code for ROS interfaces[0m
[1.729s] [ 76%] Built target custom_msgs__py
[1.742s] [ 82%] [32mBuilding C object CMakeFiles/custom_msgs__rosidl_generator_py.dir/rosidl_generator_py/custom_msgs/msg/_belief_s.c.o[0m
[1.742s] [ 82%] [32mBuilding C object CMakeFiles/custom_msgs__rosidl_generator_py.dir/rosidl_generator_py/custom_msgs/msg/_delta_odom_s.c.o[0m
[1.790s] [ 84%] [32m[1mLinking C shared library rosidl_generator_py/custom_msgs/libcustom_msgs__rosidl_generator_py.so[0m
[1.814s] [ 84%] Built target custom_msgs__rosidl_generator_py
[1.826s] [ 89%] [32mBuilding C object CMakeFiles/custom_msgs__rosidl_typesupport_c__pyext.dir/rosidl_generator_py/custom_msgs/_custom_msgs_s.ep.rosidl_typesupport_c.c.o[0m
[1.826s] [ 89%] [32mBuilding C object CMakeFiles/custom_msgs__rosidl_typesupport_fastrtps_c__pyext.dir/rosidl_generator_py/custom_msgs/_custom_msgs_s.ep.rosidl_typesupport_fastrtps_c.c.o[0m
[1.827s] [ 92%] [32mBuilding C object CMakeFiles/custom_msgs__rosidl_typesupport_introspection_c__pyext.dir/rosidl_generator_py/custom_msgs/_custom_msgs_s.ep.rosidl_typesupport_introspection_c.c.o[0m
[1.872s] [100%] [32m[1mLinking C shared library rosidl_generator_py/custom_msgs/custom_msgs_s__rosidl_typesupport_c.cpython-310-x86_64-linux-gnu.so[0m
[1.872s] [100%] [32m[1mLinking C shared library rosidl_generator_py/custom_msgs/custom_msgs_s__rosidl_typesupport_fastrtps_c.cpython-310-x86_64-linux-gnu.so[0m
[1.872s] [100%] [32m[1mLinking C shared library rosidl_generator_py/custom_msgs/custom_msgs_s__rosidl_typesupport_introspection_c.cpython-310-x86_64-linux-gnu.so[0m
[1.897s] [100%] Built target custom_msgs__rosidl_typesupport_introspection_c__pyext
[1.897s] [100%] Built target custom_msgs__rosidl_typesupport_fastrtps_c__pyext
[1.899s] [100%] Built target custom_msgs__rosidl_typesupport_c__pyext
[1.906s] Invoked command in '/home/alumno1/Documents/TP4-PRA-LopezVilaclara/ros2_ws/build/custom_msgs' returned '0': CMAKE_PREFIX_PATH=${CMAKE_PREFIX_PATH}:/home/alumno1/turtlebot3_ws/install/turtlebot3_teleop:/home/alumno1/turtlebot3_ws/install/turtlebot3_example:/opt/ros/humble /usr/bin/cmake --build /home/alumno1/Documents/TP4-PRA-LopezVilaclara/ros2_ws/build/custom_msgs -- -j28 -l28
[1.912s] Invoking command in '/home/alumno1/Documents/TP4-PRA-LopezVilaclara/ros2_ws/build/custom_msgs': CMAKE_PREFIX_PATH=${CMAKE_PREFIX_PATH}:/home/alumno1/turtlebot3_ws/install/turtlebot3_teleop:/home/alumno1/turtlebot3_ws/install/turtlebot3_example:/opt/ros/humble /usr/bin/cmake --install /home/alumno1/Documents/TP4-PRA-LopezVilaclara/ros2_ws/build/custom_msgs
[1.917s] -- Install configuration: ""
[1.918s] -- Execute custom install script
[1.918s] -- Symlinking: /home/alumno1/Documents/TP4-PRA-LopezVilaclara/ros2_ws/install/custom_msgs/share/ament_index/resource_index/rosidl_interfaces/custom_msgs
[1.922s] -- Symlinking: /home/alumno1/Documents/TP4-PRA-LopezVilaclara/ros2_ws/install/custom_msgs/include/custom_msgs/custom_msgs/msg/belief.h
[1.926s] -- Symlinking: /home/alumno1/Documents/TP4-PRA-LopezVilaclara/ros2_ws/install/custom_msgs/include/custom_msgs/custom_msgs/msg/delta_odom.h
[1.930s] -- Symlinking: /home/alumno1/Documents/TP4-PRA-LopezVilaclara/ros2_ws/install/custom_msgs/include/custom_msgs/custom_msgs/msg/detail/belief__functions.h
[1.934s] -- Symlinking: /home/alumno1/Documents/TP4-PRA-LopezVilaclara/ros2_ws/install/custom_msgs/include/custom_msgs/custom_msgs/msg/detail/belief__struct.h
[1.939s] -- Symlinking: /home/alumno1/Documents/TP4-PRA-LopezVilaclara/ros2_ws/install/custom_msgs/include/custom_msgs/custom_msgs/msg/detail/belief__type_support.h
[1.943s] -- Symlinking: /home/alumno1/Documents/TP4-PRA-LopezVilaclara/ros2_ws/install/custom_msgs/include/custom_msgs/custom_msgs/msg/detail/delta_odom__functions.h
[1.948s] -- Symlinking: /home/alumno1/Documents/TP4-PRA-LopezVilaclara/ros2_ws/install/custom_msgs/include/custom_msgs/custom_msgs/msg/detail/delta_odom__struct.h
[1.952s] -- Symlinking: /home/alumno1/Documents/TP4-PRA-LopezVilaclara/ros2_ws/install/custom_msgs/include/custom_msgs/custom_msgs/msg/detail/delta_odom__type_support.h
[1.956s] -- Symlinking: /home/alumno1/Documents/TP4-PRA-LopezVilaclara/ros2_ws/install/custom_msgs/include/custom_msgs/custom_msgs/msg/rosidl_generator_c__visibility_control.h
[1.962s] -- Symlinking: /home/alumno1/Documents/TP4-PRA-LopezVilaclara/ros2_ws/install/custom_msgs/share/custom_msgs/environment/library_path.sh
[1.967s] -- Symlinking: /home/alumno1/Documents/TP4-PRA-LopezVilaclara/ros2_ws/install/custom_msgs/share/custom_msgs/environment/library_path.dsv
[1.972s] -- Symlinking: /home/alumno1/Documents/TP4-PRA-LopezVilaclara/ros2_ws/install/custom_msgs/include/custom_msgs/custom_msgs/msg/detail/belief__rosidl_typesupport_fastrtps_c.h
[1.977s] -- Symlinking: /home/alumno1/Documents/TP4-PRA-LopezVilaclara/ros2_ws/install/custom_msgs/include/custom_msgs/custom_msgs/msg/detail/delta_odom__rosidl_typesupport_fastrtps_c.h
[1.982s] -- Symlinking: /home/alumno1/Documents/TP4-PRA-LopezVilaclara/ros2_ws/install/custom_msgs/include/custom_msgs/custom_msgs/msg/rosidl_typesupport_fastrtps_c__visibility_control.h
[1.986s] -- Symlinking: /home/alumno1/Documents/TP4-PRA-LopezVilaclara/ros2_ws/install/custom_msgs/include/custom_msgs/custom_msgs/msg/belief.hpp
[1.991s] -- Symlinking: /home/alumno1/Documents/TP4-PRA-LopezVilaclara/ros2_ws/install/custom_msgs/include/custom_msgs/custom_msgs/msg/delta_odom.hpp
[1.997s] -- Symlinking: /home/alumno1/Documents/TP4-PRA-LopezVilaclara/ros2_ws/install/custom_msgs/include/custom_msgs/custom_msgs/msg/detail/belief__builder.hpp
[2.001s] -- Symlinking: /home/alumno1/Documents/TP4-PRA-LopezVilaclara/ros2_ws/install/custom_msgs/include/custom_msgs/custom_msgs/msg/detail/belief__struct.hpp
[2.004s] -- Symlinking: /home/alumno1/Documents/TP4-PRA-LopezVilaclara/ros2_ws/install/custom_msgs/include/custom_msgs/custom_msgs/msg/detail/belief__traits.hpp
[2.009s] -- Symlinking: /home/alumno1/Documents/TP4-PRA-LopezVilaclara/ros2_ws/install/custom_msgs/include/custom_msgs/custom_msgs/msg/detail/belief__type_support.hpp
[2.013s] -- Symlinking: /home/alumno1/Documents/TP4-PRA-LopezVilaclara/ros2_ws/install/custom_msgs/include/custom_msgs/custom_msgs/msg/detail/delta_odom__builder.hpp
[2.018s] -- Symlinking: /home/alumno1/Documents/TP4-PRA-LopezVilaclara/ros2_ws/install/custom_msgs/include/custom_msgs/custom_msgs/msg/detail/delta_odom__struct.hpp
[2.023s] -- Symlinking: /home/alumno1/Documents/TP4-PRA-LopezVilaclara/ros2_ws/install/custom_msgs/include/custom_msgs/custom_msgs/msg/detail/delta_odom__traits.hpp
[2.027s] -- Symlinking: /home/alumno1/Documents/TP4-PRA-LopezVilaclara/ros2_ws/install/custom_msgs/include/custom_msgs/custom_msgs/msg/detail/delta_odom__type_support.hpp
[2.033s] -- Symlinking: /home/alumno1/Documents/TP4-PRA-LopezVilaclara/ros2_ws/install/custom_msgs/include/custom_msgs/custom_msgs/msg/rosidl_generator_cpp__visibility_control.hpp
[2.038s] -- Symlinking: /home/alumno1/Documents/TP4-PRA-LopezVilaclara/ros2_ws/install/custom_msgs/include/custom_msgs/custom_msgs/msg/detail/belief__rosidl_typesupport_fastrtps_cpp.hpp
[2.041s] -- Symlinking: /home/alumno1/Documents/TP4-PRA-LopezVilaclara/ros2_ws/install/custom_msgs/include/custom_msgs/custom_msgs/msg/detail/delta_odom__rosidl_typesupport_fastrtps_cpp.hpp
[2.046s] -- Symlinking: /home/alumno1/Documents/TP4-PRA-LopezVilaclara/ros2_ws/install/custom_msgs/include/custom_msgs/custom_msgs/msg/rosidl_typesupport_fastrtps_cpp__visibility_control.h
[2.052s] -- Symlinking: /home/alumno1/Documents/TP4-PRA-LopezVilaclara/ros2_ws/install/custom_msgs/include/custom_msgs/custom_msgs/msg/detail/belief__rosidl_typesupport_introspection_c.h
[2.056s] -- Symlinking: /home/alumno1/Documents/TP4-PRA-LopezVilaclara/ros2_ws/install/custom_msgs/include/custom_msgs/custom_msgs/msg/detail/delta_odom__rosidl_typesupport_introspection_c.h
[2.060s] -- Symlinking: /home/alumno1/Documents/TP4-PRA-LopezVilaclara/ros2_ws/install/custom_msgs/include/custom_msgs/custom_msgs/msg/rosidl_typesupport_introspection_c__visibility_control.h
[2.064s] -- Symlinking: /home/alumno1/Documents/TP4-PRA-LopezVilaclara/ros2_ws/install/custom_msgs/include/custom_msgs/custom_msgs/msg/detail/belief__rosidl_typesupport_introspection_cpp.hpp
[2.067s] -- Symlinking: /home/alumno1/Documents/TP4-PRA-LopezVilaclara/ros2_ws/install/custom_msgs/include/custom_msgs/custom_msgs/msg/detail/delta_odom__rosidl_typesupport_introspection_cpp.hpp
[2.072s] -- Symlinking: /home/alumno1/Documents/TP4-PRA-LopezVilaclara/ros2_ws/install/custom_msgs/share/custom_msgs/environment/pythonpath.sh
[2.076s] -- Symlinking: /home/alumno1/Documents/TP4-PRA-LopezVilaclara/ros2_ws/install/custom_msgs/share/custom_msgs/environment/pythonpath.dsv
[2.081s] -- Symlinking: /home/alumno1/Documents/TP4-PRA-LopezVilaclara/ros2_ws/install/custom_msgs/local/lib/python3.10/dist-packages/custom_msgs-0.0.0-py3.10.egg-info/PKG-INFO
[2.085s] -- Symlinking: /home/alumno1/Documents/TP4-PRA-LopezVilaclara/ros2_ws/install/custom_msgs/local/lib/python3.10/dist-packages/custom_msgs-0.0.0-py3.10.egg-info/SOURCES.txt
[2.090s] -- Symlinking: /home/alumno1/Documents/TP4-PRA-LopezVilaclara/ros2_ws/install/custom_msgs/local/lib/python3.10/dist-packages/custom_msgs-0.0.0-py3.10.egg-info/dependency_links.txt
[2.095s] -- Symlinking: /home/alumno1/Documents/TP4-PRA-LopezVilaclara/ros2_ws/install/custom_msgs/local/lib/python3.10/dist-packages/custom_msgs-0.0.0-py3.10.egg-info/top_level.txt
[2.099s] -- Symlinking: /home/alumno1/Documents/TP4-PRA-LopezVilaclara/ros2_ws/install/custom_msgs/local/lib/python3.10/dist-packages/custom_msgs/__init__.py
[2.103s] -- Symlinking: /home/alumno1/Documents/TP4-PRA-LopezVilaclara/ros2_ws/install/custom_msgs/local/lib/python3.10/dist-packages/custom_msgs/_custom_msgs_s.ep.rosidl_typesupport_c.c
[2.108s] -- Symlinking: /home/alumno1/Documents/TP4-PRA-LopezVilaclara/ros2_ws/install/custom_msgs/local/lib/python3.10/dist-packages/custom_msgs/_custom_msgs_s.ep.rosidl_typesupport_fastrtps_c.c
[2.113s] -- Symlinking: /home/alumno1/Documents/TP4-PRA-LopezVilaclara/ros2_ws/install/custom_msgs/local/lib/python3.10/dist-packages/custom_msgs/_custom_msgs_s.ep.rosidl_typesupport_introspection_c.c
[2.117s] -- Symlinking: /home/alumno1/Documents/TP4-PRA-LopezVilaclara/ros2_ws/install/custom_msgs/local/lib/python3.10/dist-packages/custom_msgs/custom_msgs_s__rosidl_typesupport_c.cpython-310-x86_64-linux-gnu.so
[2.120s] -- Symlinking: /home/alumno1/Documents/TP4-PRA-LopezVilaclara/ros2_ws/install/custom_msgs/local/lib/python3.10/dist-packages/custom_msgs/custom_msgs_s__rosidl_typesupport_fastrtps_c.cpython-310-x86_64-linux-gnu.so
[2.125s] -- Symlinking: /home/alumno1/Documents/TP4-PRA-LopezVilaclara/ros2_ws/install/custom_msgs/local/lib/python3.10/dist-packages/custom_msgs/custom_msgs_s__rosidl_typesupport_introspection_c.cpython-310-x86_64-linux-gnu.so
[2.130s] -- Symlinking: /home/alumno1/Documents/TP4-PRA-LopezVilaclara/ros2_ws/install/custom_msgs/local/lib/python3.10/dist-packages/custom_msgs/libcustom_msgs__rosidl_generator_py.so
[2.134s] -- Symlinking: /home/alumno1/Documents/TP4-PRA-LopezVilaclara/ros2_ws/install/custom_msgs/local/lib/python3.10/dist-packages/custom_msgs/msg/__init__.py
[2.138s] -- Symlinking: /home/alumno1/Documents/TP4-PRA-LopezVilaclara/ros2_ws/install/custom_msgs/local/lib/python3.10/dist-packages/custom_msgs/msg/_belief.py
[2.143s] -- Symlinking: /home/alumno1/Documents/TP4-PRA-LopezVilaclara/ros2_ws/install/custom_msgs/local/lib/python3.10/dist-packages/custom_msgs/msg/_belief_s.c
[2.148s] -- Symlinking: /home/alumno1/Documents/TP4-PRA-LopezVilaclara/ros2_ws/install/custom_msgs/local/lib/python3.10/dist-packages/custom_msgs/msg/_delta_odom.py
[2.152s] -- Symlinking: /home/alumno1/Documents/TP4-PRA-LopezVilaclara/ros2_ws/install/custom_msgs/local/lib/python3.10/dist-packages/custom_msgs/msg/_delta_odom_s.c
[2.158s] -- Up-to-date symlink: /home/alumno1/Documents/TP4-PRA-LopezVilaclara/ros2_ws/install/custom_msgs/local/lib/python3.10/dist-packages/custom_msgs/custom_msgs_s__rosidl_typesupport_fastrtps_c.cpython-310-x86_64-linux-gnu.so
[2.158s] -- Up-to-date symlink: /home/alumno1/Documents/TP4-PRA-LopezVilaclara/ros2_ws/install/custom_msgs/local/lib/python3.10/dist-packages/custom_msgs/custom_msgs_s__rosidl_typesupport_introspection_c.cpython-310-x86_64-linux-gnu.so
[2.158s] -- Up-to-date symlink: /home/alumno1/Documents/TP4-PRA-LopezVilaclara/ros2_ws/install/custom_msgs/local/lib/python3.10/dist-packages/custom_msgs/custom_msgs_s__rosidl_typesupport_c.cpython-310-x86_64-linux-gnu.so
[2.158s] -- Symlinking: /home/alumno1/Documents/TP4-PRA-LopezVilaclara/ros2_ws/install/custom_msgs/share/custom_msgs/msg/DeltaOdom.idl
[2.162s] -- Symlinking: /home/alumno1/Documents/TP4-PRA-LopezVilaclara/ros2_ws/install/custom_msgs/share/custom_msgs/msg/Belief.idl
[2.167s] -- Symlinking: /home/alumno1/Documents/TP4-PRA-LopezVilaclara/ros2_ws/install/custom_msgs/share/custom_msgs/msg/DeltaOdom.msg
[2.171s] -- Symlinking: /home/alumno1/Documents/TP4-PRA-LopezVilaclara/ros2_ws/install/custom_msgs/share/custom_msgs/msg/Belief.msg
[2.175s] -- Symlinking: /home/alumno1/Documents/TP4-PRA-LopezVilaclara/ros2_ws/install/custom_msgs/share/ament_index/resource_index/package_run_dependencies/custom_msgs
[2.179s] -- Symlinking: /home/alumno1/Documents/TP4-PRA-LopezVilaclara/ros2_ws/install/custom_msgs/share/ament_index/resource_index/parent_prefix_path/custom_msgs
[2.185s] -- Symlinking: /home/alumno1/Documents/TP4-PRA-LopezVilaclara/ros2_ws/install/custom_msgs/share/custom_msgs/environment/ament_prefix_path.sh
[2.189s] -- Symlinking: /home/alumno1/Documents/TP4-PRA-LopezVilaclara/ros2_ws/install/custom_msgs/share/custom_msgs/environment/ament_prefix_path.dsv
[2.194s] -- Symlinking: /home/alumno1/Documents/TP4-PRA-LopezVilaclara/ros2_ws/install/custom_msgs/share/custom_msgs/environment/path.sh
[2.198s] -- Symlinking: /home/alumno1/Documents/TP4-PRA-LopezVilaclara/ros2_ws/install/custom_msgs/share/custom_msgs/environment/path.dsv
[2.202s] -- Symlinking: /home/alumno1/Documents/TP4-PRA-LopezVilaclara/ros2_ws/install/custom_msgs/share/custom_msgs/local_setup.bash
[2.206s] -- Symlinking: /home/alumno1/Documents/TP4-PRA-LopezVilaclara/ros2_ws/install/custom_msgs/share/custom_msgs/local_setup.sh
[2.211s] -- Symlinking: /home/alumno1/Documents/TP4-PRA-LopezVilaclara/ros2_ws/install/custom_msgs/share/custom_msgs/local_setup.zsh
[2.215s] -- Symlinking: /home/alumno1/Documents/TP4-PRA-LopezVilaclara/ros2_ws/install/custom_msgs/share/custom_msgs/local_setup.dsv
[2.221s] -- Symlinking: /home/alumno1/Documents/TP4-PRA-LopezVilaclara/ros2_ws/install/custom_msgs/share/custom_msgs/package.dsv
[2.225s] -- Symlinking: /home/alumno1/Documents/TP4-PRA-LopezVilaclara/ros2_ws/install/custom_msgs/share/ament_index/resource_index/packages/custom_msgs
[2.230s] -- Symlinking: /home/alumno1/Documents/TP4-PRA-LopezVilaclara/ros2_ws/install/custom_msgs/share/custom_msgs/cmake/rosidl_cmake-extras.cmake
[2.235s] -- Symlinking: /home/alumno1/Documents/TP4-PRA-LopezVilaclara/ros2_ws/install/custom_msgs/share/custom_msgs/cmake/ament_cmake_export_dependencies-extras.cmake
[2.238s] -- Symlinking: /home/alumno1/Documents/TP4-PRA-LopezVilaclara/ros2_ws/install/custom_msgs/share/custom_msgs/cmake/ament_cmake_export_include_directories-extras.cmake
[2.244s] -- Symlinking: /home/alumno1/Documents/TP4-PRA-LopezVilaclara/ros2_ws/install/custom_msgs/share/custom_msgs/cmake/ament_cmake_export_libraries-extras.cmake
[2.249s] -- Symlinking: /home/alumno1/Documents/TP4-PRA-LopezVilaclara/ros2_ws/install/custom_msgs/share/custom_msgs/cmake/ament_cmake_export_targets-extras.cmake
[2.253s] -- Symlinking: /home/alumno1/Documents/TP4-PRA-LopezVilaclara/ros2_ws/install/custom_msgs/share/custom_msgs/cmake/rosidl_cmake_export_typesupport_targets-extras.cmake
[2.258s] -- Symlinking: /home/alumno1/Documents/TP4-PRA-LopezVilaclara/ros2_ws/install/custom_msgs/share/custom_msgs/cmake/rosidl_cmake_export_typesupport_libraries-extras.cmake
[2.263s] -- Symlinking: /home/alumno1/Documents/TP4-PRA-LopezVilaclara/ros2_ws/install/custom_msgs/share/custom_msgs/cmake/custom_msgsConfig.cmake
[2.266s] -- Symlinking: /home/alumno1/Documents/TP4-PRA-LopezVilaclara/ros2_ws/install/custom_msgs/share/custom_msgs/cmake/custom_msgsConfig-version.cmake
[2.272s] -- Symlinking: /home/alumno1/Documents/TP4-PRA-LopezVilaclara/ros2_ws/install/custom_msgs/share/custom_msgs/package.xml
[2.276s] -- Installing: /home/alumno1/Documents/TP4-PRA-LopezVilaclara/ros2_ws/install/custom_msgs/lib/libcustom_msgs__rosidl_generator_c.so
[2.276s] -- Set runtime path of "/home/alumno1/Documents/TP4-PRA-LopezVilaclara/ros2_ws/install/custom_msgs/lib/libcustom_msgs__rosidl_generator_c.so" to ""
[2.276s] -- Installing: /home/alumno1/Documents/TP4-PRA-LopezVilaclara/ros2_ws/install/custom_msgs/lib/libcustom_msgs__rosidl_typesupport_fastrtps_c.so
[2.277s] -- Set runtime path of "/home/alumno1/Documents/TP4-PRA-LopezVilaclara/ros2_ws/install/custom_msgs/lib/libcustom_msgs__rosidl_typesupport_fastrtps_c.so" to ""
[2.277s] -- Installing: /home/alumno1/Documents/TP4-PRA-LopezVilaclara/ros2_ws/install/custom_msgs/lib/libcustom_msgs__rosidl_typesupport_fastrtps_cpp.so
[2.277s] -- Set runtime path of "/home/alumno1/Documents/TP4-PRA-LopezVilaclara/ros2_ws/install/custom_msgs/lib/libcustom_msgs__rosidl_typesupport_fastrtps_cpp.so" to ""
[2.277s] -- Installing: /home/alumno1/Documents/TP4-PRA-LopezVilaclara/ros2_ws/install/custom_msgs/lib/libcustom_msgs__rosidl_typesupport_introspection_c.so
[2.277s] -- Set runtime path of "/home/alumno1/Documents/TP4-PRA-LopezVilaclara/ros2_ws/install/custom_msgs/lib/libcustom_msgs__rosidl_typesupport_introspection_c.so" to ""
[2.277s] -- Installing: /home/alumno1/Documents/TP4-PRA-LopezVilaclara/ros2_ws/install/custom_msgs/lib/libcustom_msgs__rosidl_typesupport_c.so
[2.277s] -- Set runtime path of "/home/alumno1/Documents/TP4-PRA-LopezVilaclara/ros2_ws/install/custom_msgs/lib/libcustom_msgs__rosidl_typesupport_c.so" to ""
[2.277s] -- Installing: /home/alumno1/Documents/TP4-PRA-LopezVilaclara/ros2_ws/install/custom_msgs/lib/libcustom_msgs__rosidl_typesupport_introspection_cpp.so
[2.277s] -- Set runtime path of "/home/alumno1/Documents/TP4-PRA-LopezVilaclara/ros2_ws/install/custom_msgs/lib/libcustom_msgs__rosidl_typesupport_introspection_cpp.so" to ""
[2.277s] -- Installing: /home/alumno1/Documents/TP4-PRA-LopezVilaclara/ros2_ws/install/custom_msgs/lib/libcustom_msgs__rosidl_typesupport_cpp.so
[2.277s] -- Set runtime path of "/home/alumno1/Documents/TP4-PRA-LopezVilaclara/ros2_ws/install/custom_msgs/lib/libcustom_msgs__rosidl_typesupport_cpp.so" to ""
[2.294s] Listing '/home/alumno1/Documents/TP4-PRA-LopezVilaclara/ros2_ws/install/custom_msgs/local/lib/python3.10/dist-packages/custom_msgs'...
[2.294s] Compiling '/home/alumno1/Documents/TP4-PRA-LopezVilaclara/ros2_ws/install/custom_msgs/local/lib/python3.10/dist-packages/custom_msgs/__init__.py'...
[2.295s] Listing '/home/alumno1/Documents/TP4-PRA-LopezVilaclara/ros2_ws/install/custom_msgs/local/lib/python3.10/dist-packages/custom_msgs/msg'...
[2.295s] Compiling '/home/alumno1/Documents/TP4-PRA-LopezVilaclara/ros2_ws/install/custom_msgs/local/lib/python3.10/dist-packages/custom_msgs/msg/__init__.py'...
[2.295s] Compiling '/home/alumno1/Documents/TP4-PRA-LopezVilaclara/ros2_ws/install/custom_msgs/local/lib/python3.10/dist-packages/custom_msgs/msg/_belief.py'...
[2.295s] Compiling '/home/alumno1/Documents/TP4-PRA-LopezVilaclara/ros2_ws/install/custom_msgs/local/lib/python3.10/dist-packages/custom_msgs/msg/_delta_odom.py'...
[2.297s] -- Installing: /home/alumno1/Documents/TP4-PRA-LopezVilaclara/ros2_ws/install/custom_msgs/lib/libcustom_msgs__rosidl_generator_py.so
[2.297s] -- Set runtime path of "/home/alumno1/Documents/TP4-PRA-LopezVilaclara/ros2_ws/install/custom_msgs/lib/libcustom_msgs__rosidl_generator_py.so" to ""
[2.297s] -- Installing: /home/alumno1/Documents/TP4-PRA-LopezVilaclara/ros2_ws/install/custom_msgs/share/custom_msgs/cmake/export_custom_msgs__rosidl_generator_cExport.cmake
[2.297s] -- Installing: /home/alumno1/Documents/TP4-PRA-LopezVilaclara/ros2_ws/install/custom_msgs/share/custom_msgs/cmake/export_custom_msgs__rosidl_generator_cExport-noconfig.cmake
[2.297s] -- Installing: /home/alumno1/Documents/TP4-PRA-LopezVilaclara/ros2_ws/install/custom_msgs/share/custom_msgs/cmake/export_custom_msgs__rosidl_typesupport_fastrtps_cExport.cmake
[2.297s] -- Installing: /home/alumno1/Documents/TP4-PRA-LopezVilaclara/ros2_ws/install/custom_msgs/share/custom_msgs/cmake/export_custom_msgs__rosidl_typesupport_fastrtps_cExport-noconfig.cmake
[2.297s] -- Installing: /home/alumno1/Documents/TP4-PRA-LopezVilaclara/ros2_ws/install/custom_msgs/share/custom_msgs/cmake/export_custom_msgs__rosidl_generator_cppExport.cmake
[2.297s] -- Installing: /home/alumno1/Documents/TP4-PRA-LopezVilaclara/ros2_ws/install/custom_msgs/share/custom_msgs/cmake/export_custom_msgs__rosidl_typesupport_fastrtps_cppExport.cmake
[2.297s] -- Installing: /home/alumno1/Documents/TP4-PRA-LopezVilaclara/ros2_ws/install/custom_msgs/share/custom_msgs/cmake/export_custom_msgs__rosidl_typesupport_fastrtps_cppExport-noconfig.cmake
[2.297s] -- Installing: /home/alumno1/Documents/TP4-PRA-LopezVilaclara/ros2_ws/install/custom_msgs/share/custom_msgs/cmake/custom_msgs__rosidl_typesupport_introspection_cExport.cmake
[2.297s] -- Installing: /home/alumno1/Documents/TP4-PRA-LopezVilaclara/ros2_ws/install/custom_msgs/share/custom_msgs/cmake/custom_msgs__rosidl_typesupport_introspection_cExport-noconfig.cmake
[2.297s] -- Installing: /home/alumno1/Documents/TP4-PRA-LopezVilaclara/ros2_ws/install/custom_msgs/share/custom_msgs/cmake/custom_msgs__rosidl_typesupport_cExport.cmake
[2.297s] -- Installing: /home/alumno1/Documents/TP4-PRA-LopezVilaclara/ros2_ws/install/custom_msgs/share/custom_msgs/cmake/custom_msgs__rosidl_typesupport_cExport-noconfig.cmake
[2.297s] -- Installing: /home/alumno1/Documents/TP4-PRA-LopezVilaclara/ros2_ws/install/custom_msgs/share/custom_msgs/cmake/custom_msgs__rosidl_typesupport_introspection_cppExport.cmake
[2.297s] -- Installing: /home/alumno1/Documents/TP4-PRA-LopezVilaclara/ros2_ws/install/custom_msgs/share/custom_msgs/cmake/custom_msgs__rosidl_typesupport_introspection_cppExport-noconfig.cmake
[2.297s] -- Installing: /home/alumno1/Documents/TP4-PRA-LopezVilaclara/ros2_ws/install/custom_msgs/share/custom_msgs/cmake/custom_msgs__rosidl_typesupport_cppExport.cmake
[2.297s] -- Installing: /home/alumno1/Documents/TP4-PRA-LopezVilaclara/ros2_ws/install/custom_msgs/share/custom_msgs/cmake/custom_msgs__rosidl_typesupport_cppExport-noconfig.cmake
[2.297s] -- Installing: /home/alumno1/Documents/TP4-PRA-LopezVilaclara/ros2_ws/install/custom_msgs/share/custom_msgs/cmake/export_custom_msgs__rosidl_generator_pyExport.cmake
[2.297s] -- Installing: /home/alumno1/Documents/TP4-PRA-LopezVilaclara/ros2_ws/install/custom_msgs/share/custom_msgs/cmake/export_custom_msgs__rosidl_generator_pyExport-noconfig.cmake
[2.299s] Invoked command in '/home/alumno1/Documents/TP4-PRA-LopezVilaclara/ros2_ws/build/custom_msgs' returned '0': CMAKE_PREFIX_PATH=${CMAKE_PREFIX_PATH}:/home/alumno1/turtlebot3_ws/install/turtlebot3_teleop:/home/alumno1/turtlebot3_ws/install/turtlebot3_example:/opt/ros/humble /usr/bin/cmake --install /home/alumno1/Documents/TP4-PRA-LopezVilaclara/ros2_ws/build/custom_msgs
