[0.121s] DEBUG:colcon:Command line arguments: ['/usr/bin/colcon', 'build']
[0.121s] DEBUG:colcon:Parsed command line arguments: Namespace(log_base=None, log_level=None, verb_name='build', build_base='build', install_base='install', merge_install=False, symlink_install=False, test_result_base=None, continue_on_error=False, executor='parallel', parallel_workers=28, event_handlers=None, ignore_user_meta=False, metas=['./colcon.meta'], base_paths=['.'], packages_ignore=None, packages_ignore_regex=None, paths=None, packages_up_to=None, packages_up_to_regex=None, packages_above=None, packages_above_and_dependencies=None, packages_above_depth=None, packages_select_by_dep=None, packages_skip_by_dep=None, packages_skip_up_to=None, packages_select_build_failed=False, packages_skip_build_finished=False, packages_select_test_failures=False, packages_skip_test_passed=False, packages_select=None, packages_skip=None, packages_select_regex=None, packages_skip_regex=None, packages_start=None, packages_end=None, allow_overriding=[], cmake_args=None, cmake_target=None, cmake_target_skip_unavailable=False, cmake_clean_cache=False, cmake_clean_first=False, cmake_force_configure=False, ament_cmake_args=None, catkin_cmake_args=None, catkin_skip_building_tests=False, mixin_files=None, mixin=None, verb_parser=<colcon_mixin.mixin.mixin_argument.MixinArgumentDecorator object at 0x7c039ad56b00>, verb_extension=<colcon_core.verb.build.BuildVerb object at 0x7c039ad56650>, main=<bound method BuildVerb.main of <colcon_core.verb.build.BuildVerb object at 0x7c039ad56650>>, mixin_verb=('build',))
[0.228s] Level 1:colcon.colcon_core.package_discovery:discover_packages(colcon_meta) check parameters
[0.228s] Level 1:colcon.colcon_core.package_discovery:discover_packages(recursive) check parameters
[0.228s] Level 1:colcon.colcon_core.package_discovery:discover_packages(ignore) check parameters
[0.228s] Level 1:colcon.colcon_core.package_discovery:discover_packages(path) check parameters
[0.228s] Level 1:colcon.colcon_core.package_discovery:discover_packages(colcon_meta) discover
[0.228s] Level 1:colcon.colcon_core.package_discovery:discover_packages(recursive) discover
[0.228s] INFO:colcon.colcon_core.package_discovery:Crawling recursively for packages in '/home/alumno1/Documents/TP5-PRA-LopezVilaclara/ros2_ws'
[0.228s] Level 1:colcon.colcon_core.package_identification:_identify(.) by extensions ['ignore', 'ignore_ament_install']
[0.228s] Level 1:colcon.colcon_core.package_identification:_identify(.) by extension 'ignore'
[0.228s] Level 1:colcon.colcon_core.package_identification:_identify(.) by extension 'ignore_ament_install'
[0.228s] Level 1:colcon.colcon_core.package_identification:_identify(.) by extensions ['colcon_pkg']
[0.228s] Level 1:colcon.colcon_core.package_identification:_identify(.) by extension 'colcon_pkg'
[0.228s] Level 1:colcon.colcon_core.package_identification:_identify(.) by extensions ['colcon_meta']
[0.228s] Level 1:colcon.colcon_core.package_identification:_identify(.) by extension 'colcon_meta'
[0.228s] Level 1:colcon.colcon_core.package_identification:_identify(.) by extensions ['ros']
[0.228s] Level 1:colcon.colcon_core.package_identification:_identify(.) by extension 'ros'
[0.234s] Level 1:colcon.colcon_core.package_identification:_identify(.) by extensions ['cmake', 'python']
[0.234s] Level 1:colcon.colcon_core.package_identification:_identify(.) by extension 'cmake'
[0.234s] Level 1:colcon.colcon_core.package_identification:_identify(.) by extension 'python'
[0.234s] Level 1:colcon.colcon_core.package_identification:_identify(.) by extensions ['python_setup_py']
[0.234s] Level 1:colcon.colcon_core.package_identification:_identify(.) by extension 'python_setup_py'
[0.234s] Level 1:colcon.colcon_core.package_identification:_identify(build) by extensions ['ignore', 'ignore_ament_install']
[0.234s] Level 1:colcon.colcon_core.package_identification:_identify(build) by extension 'ignore'
[0.234s] Level 1:colcon.colcon_core.package_identification:_identify(build) ignored
[0.234s] Level 1:colcon.colcon_core.package_identification:_identify(install) by extensions ['ignore', 'ignore_ament_install']
[0.234s] Level 1:colcon.colcon_core.package_identification:_identify(install) by extension 'ignore'
[0.234s] Level 1:colcon.colcon_core.package_identification:_identify(install) ignored
[0.234s] Level 1:colcon.colcon_core.package_identification:_identify(log) by extensions ['ignore', 'ignore_ament_install']
[0.234s] Level 1:colcon.colcon_core.package_identification:_identify(log) by extension 'ignore'
[0.234s] Level 1:colcon.colcon_core.package_identification:_identify(log) ignored
[0.234s] Level 1:colcon.colcon_core.package_identification:_identify(src) by extensions ['ignore', 'ignore_ament_install']
[0.234s] Level 1:colcon.colcon_core.package_identification:_identify(src) by extension 'ignore'
[0.234s] Level 1:colcon.colcon_core.package_identification:_identify(src) by extension 'ignore_ament_install'
[0.234s] Level 1:colcon.colcon_core.package_identification:_identify(src) by extensions ['colcon_pkg']
[0.234s] Level 1:colcon.colcon_core.package_identification:_identify(src) by extension 'colcon_pkg'
[0.234s] Level 1:colcon.colcon_core.package_identification:_identify(src) by extensions ['colcon_meta']
[0.234s] Level 1:colcon.colcon_core.package_identification:_identify(src) by extension 'colcon_meta'
[0.234s] Level 1:colcon.colcon_core.package_identification:_identify(src) by extensions ['ros']
[0.234s] Level 1:colcon.colcon_core.package_identification:_identify(src) by extension 'ros'
[0.234s] Level 1:colcon.colcon_core.package_identification:_identify(src) by extensions ['cmake', 'python']
[0.234s] Level 1:colcon.colcon_core.package_identification:_identify(src) by extension 'cmake'
[0.234s] Level 1:colcon.colcon_core.package_identification:_identify(src) by extension 'python'
[0.234s] Level 1:colcon.colcon_core.package_identification:_identify(src) by extensions ['python_setup_py']
[0.235s] Level 1:colcon.colcon_core.package_identification:_identify(src) by extension 'python_setup_py'
[0.235s] Level 1:colcon.colcon_core.package_identification:_identify(src/custom_code) by extensions ['ignore', 'ignore_ament_install']
[0.235s] Level 1:colcon.colcon_core.package_identification:_identify(src/custom_code) by extension 'ignore'
[0.235s] Level 1:colcon.colcon_core.package_identification:_identify(src/custom_code) by extension 'ignore_ament_install'
[0.235s] Level 1:colcon.colcon_core.package_identification:_identify(src/custom_code) by extensions ['colcon_pkg']
[0.235s] Level 1:colcon.colcon_core.package_identification:_identify(src/custom_code) by extension 'colcon_pkg'
[0.235s] Level 1:colcon.colcon_core.package_identification:_identify(src/custom_code) by extensions ['colcon_meta']
[0.235s] Level 1:colcon.colcon_core.package_identification:_identify(src/custom_code) by extension 'colcon_meta'
[0.235s] Level 1:colcon.colcon_core.package_identification:_identify(src/custom_code) by extensions ['ros']
[0.235s] Level 1:colcon.colcon_core.package_identification:_identify(src/custom_code) by extension 'ros'
[0.236s] DEBUG:colcon.colcon_core.package_identification:Package 'src/custom_code' with type 'ros.ament_python' and name 'custom_code'
[0.236s] Level 1:colcon.colcon_core.package_identification:_identify(src/custom_msgs) by extensions ['ignore', 'ignore_ament_install']
[0.236s] Level 1:colcon.colcon_core.package_identification:_identify(src/custom_msgs) by extension 'ignore'
[0.236s] Level 1:colcon.colcon_core.package_identification:_identify(src/custom_msgs) by extension 'ignore_ament_install'
[0.236s] Level 1:colcon.colcon_core.package_identification:_identify(src/custom_msgs) by extensions ['colcon_pkg']
[0.236s] Level 1:colcon.colcon_core.package_identification:_identify(src/custom_msgs) by extension 'colcon_pkg'
[0.236s] Level 1:colcon.colcon_core.package_identification:_identify(src/custom_msgs) by extensions ['colcon_meta']
[0.236s] Level 1:colcon.colcon_core.package_identification:_identify(src/custom_msgs) by extension 'colcon_meta'
[0.236s] Level 1:colcon.colcon_core.package_identification:_identify(src/custom_msgs) by extensions ['ros']
[0.236s] Level 1:colcon.colcon_core.package_identification:_identify(src/custom_msgs) by extension 'ros'
[0.237s] DEBUG:colcon.colcon_core.package_identification:Package 'src/custom_msgs' with type 'ros.ament_cmake' and name 'custom_msgs'
[0.237s] Level 1:colcon.colcon_core.package_identification:_identify(src/turtlebot3_custom_simulation) by extensions ['ignore', 'ignore_ament_install']
[0.237s] Level 1:colcon.colcon_core.package_identification:_identify(src/turtlebot3_custom_simulation) by extension 'ignore'
[0.237s] Level 1:colcon.colcon_core.package_identification:_identify(src/turtlebot3_custom_simulation) by extension 'ignore_ament_install'
[0.237s] Level 1:colcon.colcon_core.package_identification:_identify(src/turtlebot3_custom_simulation) by extensions ['colcon_pkg']
[0.237s] Level 1:colcon.colcon_core.package_identification:_identify(src/turtlebot3_custom_simulation) by extension 'colcon_pkg'
[0.237s] Level 1:colcon.colcon_core.package_identification:_identify(src/turtlebot3_custom_simulation) by extensions ['colcon_meta']
[0.237s] Level 1:colcon.colcon_core.package_identification:_identify(src/turtlebot3_custom_simulation) by extension 'colcon_meta'
[0.237s] Level 1:colcon.colcon_core.package_identification:_identify(src/turtlebot3_custom_simulation) by extensions ['ros']
[0.237s] Level 1:colcon.colcon_core.package_identification:_identify(src/turtlebot3_custom_simulation) by extension 'ros'
[0.237s] DEBUG:colcon.colcon_core.package_identification:Package 'src/turtlebot3_custom_simulation' with type 'ros.ament_cmake' and name 'turtlebot3_custom_simulation'
[0.237s] Level 1:colcon.colcon_core.package_discovery:discover_packages(recursive) using defaults
[0.237s] Level 1:colcon.colcon_core.package_discovery:discover_packages(ignore) discover
[0.237s] Level 1:colcon.colcon_core.package_discovery:discover_packages(ignore) using defaults
[0.237s] Level 1:colcon.colcon_core.package_discovery:discover_packages(path) discover
[0.237s] Level 1:colcon.colcon_core.package_discovery:discover_packages(path) using defaults
[0.254s] Level 1:colcon.colcon_core.package_discovery:discover_packages(prefix_path) check parameters
[0.254s] Level 1:colcon.colcon_core.package_discovery:discover_packages(prefix_path) discover
[0.256s] DEBUG:colcon.colcon_installed_package_information.package_discovery:Found 16 installed packages in /home/alumno1/turtlebot3_ws/install
[0.256s] DEBUG:colcon.colcon_installed_package_information.package_discovery:Found 363 installed packages in /opt/ros/humble
[0.257s] Level 1:colcon.colcon_core.package_discovery:discover_packages(prefix_path) using defaults
[0.277s] Level 5:colcon.colcon_core.verb:set package 'custom_msgs' build argument 'cmake_args' from command line to 'None'
[0.277s] Level 5:colcon.colcon_core.verb:set package 'custom_msgs' build argument 'cmake_target' from command line to 'None'
[0.277s] Level 5:colcon.colcon_core.verb:set package 'custom_msgs' build argument 'cmake_target_skip_unavailable' from command line to 'False'
[0.277s] Level 5:colcon.colcon_core.verb:set package 'custom_msgs' build argument 'cmake_clean_cache' from command line to 'False'
[0.277s] Level 5:colcon.colcon_core.verb:set package 'custom_msgs' build argument 'cmake_clean_first' from command line to 'False'
[0.277s] Level 5:colcon.colcon_core.verb:set package 'custom_msgs' build argument 'cmake_force_configure' from command line to 'False'
[0.277s] Level 5:colcon.colcon_core.verb:set package 'custom_msgs' build argument 'ament_cmake_args' from command line to 'None'
[0.277s] Level 5:colcon.colcon_core.verb:set package 'custom_msgs' build argument 'catkin_cmake_args' from command line to 'None'
[0.277s] Level 5:colcon.colcon_core.verb:set package 'custom_msgs' build argument 'catkin_skip_building_tests' from command line to 'False'
[0.277s] DEBUG:colcon.colcon_core.verb:Building package 'custom_msgs' with the following arguments: {'ament_cmake_args': None, 'build_base': '/home/alumno1/Documents/TP5-PRA-LopezVilaclara/ros2_ws/build/custom_msgs', 'catkin_cmake_args': None, 'catkin_skip_building_tests': False, 'cmake_args': None, 'cmake_clean_cache': False, 'cmake_clean_first': False, 'cmake_force_configure': False, 'cmake_target': None, 'cmake_target_skip_unavailable': False, 'install_base': '/home/alumno1/Documents/TP5-PRA-LopezVilaclara/ros2_ws/install/custom_msgs', 'merge_install': False, 'path': '/home/alumno1/Documents/TP5-PRA-LopezVilaclara/ros2_ws/src/custom_msgs', 'symlink_install': False, 'test_result_base': None}
[0.277s] Level 5:colcon.colcon_core.verb:set package 'turtlebot3_custom_simulation' build argument 'cmake_args' from command line to 'None'
[0.277s] Level 5:colcon.colcon_core.verb:set package 'turtlebot3_custom_simulation' build argument 'cmake_target' from command line to 'None'
[0.277s] Level 5:colcon.colcon_core.verb:set package 'turtlebot3_custom_simulation' build argument 'cmake_target_skip_unavailable' from command line to 'False'
[0.277s] Level 5:colcon.colcon_core.verb:set package 'turtlebot3_custom_simulation' build argument 'cmake_clean_cache' from command line to 'False'
[0.277s] Level 5:colcon.colcon_core.verb:set package 'turtlebot3_custom_simulation' build argument 'cmake_clean_first' from command line to 'False'
[0.277s] Level 5:colcon.colcon_core.verb:set package 'turtlebot3_custom_simulation' build argument 'cmake_force_configure' from command line to 'False'
[0.277s] Level 5:colcon.colcon_core.verb:set package 'turtlebot3_custom_simulation' build argument 'ament_cmake_args' from command line to 'None'
[0.277s] Level 5:colcon.colcon_core.verb:set package 'turtlebot3_custom_simulation' build argument 'catkin_cmake_args' from command line to 'None'
[0.277s] Level 5:colcon.colcon_core.verb:set package 'turtlebot3_custom_simulation' build argument 'catkin_skip_building_tests' from command line to 'False'
[0.277s] DEBUG:colcon.colcon_core.verb:Building package 'turtlebot3_custom_simulation' with the following arguments: {'ament_cmake_args': None, 'build_base': '/home/alumno1/Documents/TP5-PRA-LopezVilaclara/ros2_ws/build/turtlebot3_custom_simulation', 'catkin_cmake_args': None, 'catkin_skip_building_tests': False, 'cmake_args': None, 'cmake_clean_cache': False, 'cmake_clean_first': False, 'cmake_force_configure': False, 'cmake_target': None, 'cmake_target_skip_unavailable': False, 'install_base': '/home/alumno1/Documents/TP5-PRA-LopezVilaclara/ros2_ws/install/turtlebot3_custom_simulation', 'merge_install': False, 'path': '/home/alumno1/Documents/TP5-PRA-LopezVilaclara/ros2_ws/src/turtlebot3_custom_simulation', 'symlink_install': False, 'test_result_base': None}
[0.278s] Level 5:colcon.colcon_core.verb:set package 'custom_code' build argument 'cmake_args' from command line to 'None'
[0.278s] Level 5:colcon.colcon_core.verb:set package 'custom_code' build argument 'cmake_target' from command line to 'None'
[0.278s] Level 5:colcon.colcon_core.verb:set package 'custom_code' build argument 'cmake_target_skip_unavailable' from command line to 'False'
[0.278s] Level 5:colcon.colcon_core.verb:set package 'custom_code' build argument 'cmake_clean_cache' from command line to 'False'
[0.278s] Level 5:colcon.colcon_core.verb:set package 'custom_code' build argument 'cmake_clean_first' from command line to 'False'
[0.278s] Level 5:colcon.colcon_core.verb:set package 'custom_code' build argument 'cmake_force_configure' from command line to 'False'
[0.278s] Level 5:colcon.colcon_core.verb:set package 'custom_code' build argument 'ament_cmake_args' from command line to 'None'
[0.278s] Level 5:colcon.colcon_core.verb:set package 'custom_code' build argument 'catkin_cmake_args' from command line to 'None'
[0.278s] Level 5:colcon.colcon_core.verb:set package 'custom_code' build argument 'catkin_skip_building_tests' from command line to 'False'
[0.278s] DEBUG:colcon.colcon_core.verb:Building package 'custom_code' with the following arguments: {'ament_cmake_args': None, 'build_base': '/home/alumno1/Documents/TP5-PRA-LopezVilaclara/ros2_ws/build/custom_code', 'catkin_cmake_args': None, 'catkin_skip_building_tests': False, 'cmake_args': None, 'cmake_clean_cache': False, 'cmake_clean_first': False, 'cmake_force_configure': False, 'cmake_target': None, 'cmake_target_skip_unavailable': False, 'install_base': '/home/alumno1/Documents/TP5-PRA-LopezVilaclara/ros2_ws/install/custom_code', 'merge_install': False, 'path': '/home/alumno1/Documents/TP5-PRA-LopezVilaclara/ros2_ws/src/custom_code', 'symlink_install': False, 'test_result_base': None}
[0.278s] INFO:colcon.colcon_core.executor:Executing jobs using 'parallel' executor
[0.278s] DEBUG:colcon.colcon_parallel_executor.executor.parallel:run_until_complete
[0.278s] INFO:colcon.colcon_ros.task.ament_cmake.build:Building ROS package in '/home/alumno1/Documents/TP5-PRA-LopezVilaclara/ros2_ws/src/custom_msgs' with build type 'ament_cmake'
[0.278s] INFO:colcon.colcon_cmake.task.cmake.build:Building CMake package in '/home/alumno1/Documents/TP5-PRA-LopezVilaclara/ros2_ws/src/custom_msgs'
[0.280s] INFO:colcon.colcon_core.plugin_system:Skipping extension 'colcon_core.shell.bat': Not used on non-Windows systems
[0.280s] INFO:colcon.colcon_core.shell:Skip shell extension 'powershell' for command environment: Not usable outside of PowerShell
[0.280s] DEBUG:colcon.colcon_core.shell:Skip shell extension 'dsv' for command environment
[0.282s] INFO:colcon.colcon_ros.task.ament_cmake.build:Building ROS package in '/home/alumno1/Documents/TP5-PRA-LopezVilaclara/ros2_ws/src/turtlebot3_custom_simulation' with build type 'ament_cmake'
[0.283s] INFO:colcon.colcon_cmake.task.cmake.build:Building CMake package in '/home/alumno1/Documents/TP5-PRA-LopezVilaclara/ros2_ws/src/turtlebot3_custom_simulation'
[0.283s] INFO:colcon.colcon_core.shell:Skip shell extension 'powershell' for command environment: Not usable outside of PowerShell
[0.283s] DEBUG:colcon.colcon_core.shell:Skip shell extension 'dsv' for command environment
[0.285s] DEBUG:colcon.colcon_core.event_handler.log_command:Invoking command in '/home/alumno1/Documents/TP5-PRA-LopezVilaclara/ros2_ws/build/custom_msgs': CMAKE_PREFIX_PATH=${CMAKE_PREFIX_PATH}:/home/alumno1/turtlebot3_ws/install/turtlebot3_teleop:/home/alumno1/turtlebot3_ws/install/turtlebot3_example:/opt/ros/humble /usr/bin/cmake /home/alumno1/Documents/TP5-PRA-LopezVilaclara/ros2_ws/src/custom_msgs -DCMAKE_INSTALL_PREFIX=/home/alumno1/Documents/TP5-PRA-LopezVilaclara/ros2_ws/install/custom_msgs
[0.288s] DEBUG:colcon.colcon_core.event_handler.log_command:Invoking command in '/home/alumno1/Documents/TP5-PRA-LopezVilaclara/ros2_ws/build/turtlebot3_custom_simulation': CMAKE_PREFIX_PATH=${CMAKE_PREFIX_PATH}:/home/alumno1/turtlebot3_ws/install/turtlebot3_teleop:/home/alumno1/turtlebot3_ws/install/turtlebot3_example:/opt/ros/humble /usr/bin/cmake /home/alumno1/Documents/TP5-PRA-LopezVilaclara/ros2_ws/src/turtlebot3_custom_simulation -DCMAKE_INSTALL_PREFIX=/home/alumno1/Documents/TP5-PRA-LopezVilaclara/ros2_ws/install/turtlebot3_custom_simulation
[1.069s] DEBUG:colcon.colcon_core.event_handler.log_command:Invoked command in '/home/alumno1/Documents/TP5-PRA-LopezVilaclara/ros2_ws/build/turtlebot3_custom_simulation' returned '0': CMAKE_PREFIX_PATH=${CMAKE_PREFIX_PATH}:/home/alumno1/turtlebot3_ws/install/turtlebot3_teleop:/home/alumno1/turtlebot3_ws/install/turtlebot3_example:/opt/ros/humble /usr/bin/cmake /home/alumno1/Documents/TP5-PRA-LopezVilaclara/ros2_ws/src/turtlebot3_custom_simulation -DCMAKE_INSTALL_PREFIX=/home/alumno1/Documents/TP5-PRA-LopezVilaclara/ros2_ws/install/turtlebot3_custom_simulation
[1.069s] DEBUG:colcon.colcon_core.event_handler.log_command:Invoking command in '/home/alumno1/Documents/TP5-PRA-LopezVilaclara/ros2_ws/build/turtlebot3_custom_simulation': CMAKE_PREFIX_PATH=${CMAKE_PREFIX_PATH}:/home/alumno1/turtlebot3_ws/install/turtlebot3_teleop:/home/alumno1/turtlebot3_ws/install/turtlebot3_example:/opt/ros/humble /usr/bin/cmake --build /home/alumno1/Documents/TP5-PRA-LopezVilaclara/ros2_ws/build/turtlebot3_custom_simulation -- -j28 -l28
[1.290s] DEBUG:colcon.colcon_core.event_handler.log_command:Invoked command in '/home/alumno1/Documents/TP5-PRA-LopezVilaclara/ros2_ws/build/custom_msgs' returned '0': CMAKE_PREFIX_PATH=${CMAKE_PREFIX_PATH}:/home/alumno1/turtlebot3_ws/install/turtlebot3_teleop:/home/alumno1/turtlebot3_ws/install/turtlebot3_example:/opt/ros/humble /usr/bin/cmake /home/alumno1/Documents/TP5-PRA-LopezVilaclara/ros2_ws/src/custom_msgs -DCMAKE_INSTALL_PREFIX=/home/alumno1/Documents/TP5-PRA-LopezVilaclara/ros2_ws/install/custom_msgs
[1.290s] DEBUG:colcon.colcon_core.event_handler.log_command:Invoking command in '/home/alumno1/Documents/TP5-PRA-LopezVilaclara/ros2_ws/build/custom_msgs': CMAKE_PREFIX_PATH=${CMAKE_PREFIX_PATH}:/home/alumno1/turtlebot3_ws/install/turtlebot3_teleop:/home/alumno1/turtlebot3_ws/install/turtlebot3_example:/opt/ros/humble /usr/bin/cmake --build /home/alumno1/Documents/TP5-PRA-LopezVilaclara/ros2_ws/build/custom_msgs -- -j28 -l28
[2.239s] DEBUG:colcon.colcon_core.event_handler.log_command:Invoked command in '/home/alumno1/Documents/TP5-PRA-LopezVilaclara/ros2_ws/build/custom_msgs' returned '0': CMAKE_PREFIX_PATH=${CMAKE_PREFIX_PATH}:/home/alumno1/turtlebot3_ws/install/turtlebot3_teleop:/home/alumno1/turtlebot3_ws/install/turtlebot3_example:/opt/ros/humble /usr/bin/cmake --build /home/alumno1/Documents/TP5-PRA-LopezVilaclara/ros2_ws/build/custom_msgs -- -j28 -l28
[2.245s] DEBUG:colcon.colcon_core.event_handler.log_command:Invoking command in '/home/alumno1/Documents/TP5-PRA-LopezVilaclara/ros2_ws/build/custom_msgs': CMAKE_PREFIX_PATH=${CMAKE_PREFIX_PATH}:/home/alumno1/turtlebot3_ws/install/turtlebot3_teleop:/home/alumno1/turtlebot3_ws/install/turtlebot3_example:/opt/ros/humble /usr/bin/cmake --install /home/alumno1/Documents/TP5-PRA-LopezVilaclara/ros2_ws/build/custom_msgs
[2.274s] Level 1:colcon.colcon_core.environment:create_environment_scripts_only(custom_msgs)
[2.275s] DEBUG:colcon.colcon_core.event_handler.log_command:Invoked command in '/home/alumno1/Documents/TP5-PRA-LopezVilaclara/ros2_ws/build/custom_msgs' returned '0': CMAKE_PREFIX_PATH=${CMAKE_PREFIX_PATH}:/home/alumno1/turtlebot3_ws/install/turtlebot3_teleop:/home/alumno1/turtlebot3_ws/install/turtlebot3_example:/opt/ros/humble /usr/bin/cmake --install /home/alumno1/Documents/TP5-PRA-LopezVilaclara/ros2_ws/build/custom_msgs
[2.277s] Level 1:colcon.colcon_core.environment:checking '/home/alumno1/Documents/TP5-PRA-LopezVilaclara/ros2_ws/install/custom_msgs' for CMake module files
[2.277s] Level 1:colcon.colcon_core.environment:checking '/home/alumno1/Documents/TP5-PRA-LopezVilaclara/ros2_ws/install/custom_msgs' for CMake config files
[2.277s] Level 1:colcon.colcon_core.shell:create_environment_hook('custom_msgs', 'cmake_prefix_path')
[2.277s] INFO:colcon.colcon_core.shell:Creating environment hook '/home/alumno1/Documents/TP5-PRA-LopezVilaclara/ros2_ws/install/custom_msgs/share/custom_msgs/hook/cmake_prefix_path.ps1'
[2.278s] INFO:colcon.colcon_core.shell:Creating environment descriptor '/home/alumno1/Documents/TP5-PRA-LopezVilaclara/ros2_ws/install/custom_msgs/share/custom_msgs/hook/cmake_prefix_path.dsv'
[2.278s] INFO:colcon.colcon_core.shell:Creating environment hook '/home/alumno1/Documents/TP5-PRA-LopezVilaclara/ros2_ws/install/custom_msgs/share/custom_msgs/hook/cmake_prefix_path.sh'
[2.278s] Level 1:colcon.colcon_core.environment:checking '/home/alumno1/Documents/TP5-PRA-LopezVilaclara/ros2_ws/install/custom_msgs/lib'
[2.278s] Level 1:colcon.colcon_core.shell:create_environment_hook('custom_msgs', 'ld_library_path_lib')
[2.278s] INFO:colcon.colcon_core.shell:Creating environment hook '/home/alumno1/Documents/TP5-PRA-LopezVilaclara/ros2_ws/install/custom_msgs/share/custom_msgs/hook/ld_library_path_lib.ps1'
[2.279s] INFO:colcon.colcon_core.shell:Creating environment descriptor '/home/alumno1/Documents/TP5-PRA-LopezVilaclara/ros2_ws/install/custom_msgs/share/custom_msgs/hook/ld_library_path_lib.dsv'
[2.279s] INFO:colcon.colcon_core.shell:Creating environment hook '/home/alumno1/Documents/TP5-PRA-LopezVilaclara/ros2_ws/install/custom_msgs/share/custom_msgs/hook/ld_library_path_lib.sh'
[2.279s] Level 1:colcon.colcon_core.environment:checking '/home/alumno1/Documents/TP5-PRA-LopezVilaclara/ros2_ws/install/custom_msgs/bin'
[2.279s] Level 1:colcon.colcon_core.environment:checking '/home/alumno1/Documents/TP5-PRA-LopezVilaclara/ros2_ws/install/custom_msgs/lib/pkgconfig/custom_msgs.pc'
[2.279s] Level 1:colcon.colcon_core.environment:checking '/home/alumno1/Documents/TP5-PRA-LopezVilaclara/ros2_ws/install/custom_msgs/lib/python3.10/site-packages'
[2.279s] Level 1:colcon.colcon_core.environment:checking '/home/alumno1/Documents/TP5-PRA-LopezVilaclara/ros2_ws/install/custom_msgs/bin'
[2.279s] INFO:colcon.colcon_core.shell:Creating package script '/home/alumno1/Documents/TP5-PRA-LopezVilaclara/ros2_ws/install/custom_msgs/share/custom_msgs/package.ps1'
[2.280s] INFO:colcon.colcon_core.shell:Creating package descriptor '/home/alumno1/Documents/TP5-PRA-LopezVilaclara/ros2_ws/install/custom_msgs/share/custom_msgs/package.dsv'
[2.280s] INFO:colcon.colcon_core.shell:Creating package script '/home/alumno1/Documents/TP5-PRA-LopezVilaclara/ros2_ws/install/custom_msgs/share/custom_msgs/package.sh'
[2.280s] INFO:colcon.colcon_core.shell:Creating package script '/home/alumno1/Documents/TP5-PRA-LopezVilaclara/ros2_ws/install/custom_msgs/share/custom_msgs/package.bash'
[2.281s] INFO:colcon.colcon_core.shell:Creating package script '/home/alumno1/Documents/TP5-PRA-LopezVilaclara/ros2_ws/install/custom_msgs/share/custom_msgs/package.zsh'
[2.281s] Level 1:colcon.colcon_core.environment:create_file_with_runtime_dependencies(/home/alumno1/Documents/TP5-PRA-LopezVilaclara/ros2_ws/install/custom_msgs/share/colcon-core/packages/custom_msgs)
[2.281s] Level 1:colcon.colcon_core.environment:create_environment_scripts_only(custom_msgs)
[2.282s] Level 1:colcon.colcon_core.environment:checking '/home/alumno1/Documents/TP5-PRA-LopezVilaclara/ros2_ws/install/custom_msgs' for CMake module files
[2.282s] Level 1:colcon.colcon_core.environment:checking '/home/alumno1/Documents/TP5-PRA-LopezVilaclara/ros2_ws/install/custom_msgs' for CMake config files
[2.282s] Level 1:colcon.colcon_core.shell:create_environment_hook('custom_msgs', 'cmake_prefix_path')
[2.282s] INFO:colcon.colcon_core.shell:Creating environment hook '/home/alumno1/Documents/TP5-PRA-LopezVilaclara/ros2_ws/install/custom_msgs/share/custom_msgs/hook/cmake_prefix_path.ps1'
[2.282s] INFO:colcon.colcon_core.shell:Creating environment descriptor '/home/alumno1/Documents/TP5-PRA-LopezVilaclara/ros2_ws/install/custom_msgs/share/custom_msgs/hook/cmake_prefix_path.dsv'
[2.282s] INFO:colcon.colcon_core.shell:Creating environment hook '/home/alumno1/Documents/TP5-PRA-LopezVilaclara/ros2_ws/install/custom_msgs/share/custom_msgs/hook/cmake_prefix_path.sh'
[2.282s] Level 1:colcon.colcon_core.environment:checking '/home/alumno1/Documents/TP5-PRA-LopezVilaclara/ros2_ws/install/custom_msgs/lib'
[2.282s] Level 1:colcon.colcon_core.shell:create_environment_hook('custom_msgs', 'ld_library_path_lib')
[2.282s] INFO:colcon.colcon_core.shell:Creating environment hook '/home/alumno1/Documents/TP5-PRA-LopezVilaclara/ros2_ws/install/custom_msgs/share/custom_msgs/hook/ld_library_path_lib.ps1'
[2.283s] INFO:colcon.colcon_core.shell:Creating environment descriptor '/home/alumno1/Documents/TP5-PRA-LopezVilaclara/ros2_ws/install/custom_msgs/share/custom_msgs/hook/ld_library_path_lib.dsv'
[2.283s] INFO:colcon.colcon_core.shell:Creating environment hook '/home/alumno1/Documents/TP5-PRA-LopezVilaclara/ros2_ws/install/custom_msgs/share/custom_msgs/hook/ld_library_path_lib.sh'
[2.283s] Level 1:colcon.colcon_core.environment:checking '/home/alumno1/Documents/TP5-PRA-LopezVilaclara/ros2_ws/install/custom_msgs/bin'
[2.283s] Level 1:colcon.colcon_core.environment:checking '/home/alumno1/Documents/TP5-PRA-LopezVilaclara/ros2_ws/install/custom_msgs/lib/pkgconfig/custom_msgs.pc'
[2.283s] Level 1:colcon.colcon_core.environment:checking '/home/alumno1/Documents/TP5-PRA-LopezVilaclara/ros2_ws/install/custom_msgs/lib/python3.10/site-packages'
[2.283s] Level 1:colcon.colcon_core.environment:checking '/home/alumno1/Documents/TP5-PRA-LopezVilaclara/ros2_ws/install/custom_msgs/bin'
[2.283s] INFO:colcon.colcon_core.shell:Creating package script '/home/alumno1/Documents/TP5-PRA-LopezVilaclara/ros2_ws/install/custom_msgs/share/custom_msgs/package.ps1'
[2.283s] INFO:colcon.colcon_core.shell:Creating package descriptor '/home/alumno1/Documents/TP5-PRA-LopezVilaclara/ros2_ws/install/custom_msgs/share/custom_msgs/package.dsv'
[2.284s] INFO:colcon.colcon_core.shell:Creating package script '/home/alumno1/Documents/TP5-PRA-LopezVilaclara/ros2_ws/install/custom_msgs/share/custom_msgs/package.sh'
[2.284s] INFO:colcon.colcon_core.shell:Creating package script '/home/alumno1/Documents/TP5-PRA-LopezVilaclara/ros2_ws/install/custom_msgs/share/custom_msgs/package.bash'
[2.284s] INFO:colcon.colcon_core.shell:Creating package script '/home/alumno1/Documents/TP5-PRA-LopezVilaclara/ros2_ws/install/custom_msgs/share/custom_msgs/package.zsh'
[2.284s] Level 1:colcon.colcon_core.environment:create_file_with_runtime_dependencies(/home/alumno1/Documents/TP5-PRA-LopezVilaclara/ros2_ws/install/custom_msgs/share/colcon-core/packages/custom_msgs)
[2.284s] INFO:colcon.colcon_ros.task.ament_python.build:Building ROS package in '/home/alumno1/Documents/TP5-PRA-LopezVilaclara/ros2_ws/src/custom_code' with build type 'ament_python'
[2.284s] Level 1:colcon.colcon_core.shell:create_environment_hook('custom_code', 'ament_prefix_path')
[2.284s] INFO:colcon.colcon_core.shell:Creating environment hook '/home/alumno1/Documents/TP5-PRA-LopezVilaclara/ros2_ws/install/custom_code/share/custom_code/hook/ament_prefix_path.ps1'
[2.284s] INFO:colcon.colcon_core.shell:Creating environment descriptor '/home/alumno1/Documents/TP5-PRA-LopezVilaclara/ros2_ws/install/custom_code/share/custom_code/hook/ament_prefix_path.dsv'
[2.285s] INFO:colcon.colcon_core.shell:Creating environment hook '/home/alumno1/Documents/TP5-PRA-LopezVilaclara/ros2_ws/install/custom_code/share/custom_code/hook/ament_prefix_path.sh'
[2.285s] INFO:colcon.colcon_core.shell:Skip shell extension 'powershell' for command environment: Not usable outside of PowerShell
[2.285s] DEBUG:colcon.colcon_core.shell:Skip shell extension 'dsv' for command environment
[2.404s] INFO:colcon.colcon_core.task.python.build:Building Python package in '/home/alumno1/Documents/TP5-PRA-LopezVilaclara/ros2_ws/src/custom_code'
[2.404s] INFO:colcon.colcon_core.shell:Skip shell extension 'powershell' for command environment: Not usable outside of PowerShell
[2.404s] DEBUG:colcon.colcon_core.shell:Skip shell extension 'dsv' for command environment
[2.623s] DEBUG:colcon.colcon_core.event_handler.log_command:Invoking command in '/home/alumno1/Documents/TP5-PRA-LopezVilaclara/ros2_ws/src/custom_code': AMENT_PREFIX_PATH=/home/alumno1/Documents/TP5-PRA-LopezVilaclara/ros2_ws/install/custom_msgs:${AMENT_PREFIX_PATH} CMAKE_PREFIX_PATH=/home/alumno1/Documents/TP5-PRA-LopezVilaclara/ros2_ws/install/custom_msgs:${CMAKE_PREFIX_PATH} LD_LIBRARY_PATH=/home/alumno1/Documents/TP5-PRA-LopezVilaclara/ros2_ws/install/custom_msgs/lib:/home/alumno1/turtlebot3_ws/install/turtlebot3_msgs/lib:/home/alumno1/turtlebot3_ws/install/dynamixel_sdk_custom_interfaces/lib:/home/alumno1/turtlebot3_ws/install/dynamixel_sdk/lib:/usr/lib/x86_64-linux-gnu/gazebo-11/plugins:/opt/ros/humble/opt/rviz_ogre_vendor/lib:/opt/ros/humble/lib/x86_64-linux-gnu:/opt/ros/humble/lib:/usr/lib/x86_64-linux-gnu/gazebo-11/plugins PYTHONPATH=/home/alumno1/Documents/TP5-PRA-LopezVilaclara/ros2_ws/build/custom_code/prefix_override:/usr/lib/python3/dist-packages/colcon_core/task/python/colcon_distutils_commands:/home/alumno1/Documents/TP5-PRA-LopezVilaclara/ros2_ws/install/custom_code/lib/python3.10/site-packages:/home/alumno1/Documents/TP5-PRA-LopezVilaclara/ros2_ws/install/custom_msgs/local/lib/python3.10/dist-packages:${PYTHONPATH} /usr/bin/python3 -W ignore:setup.py install is deprecated -W ignore:easy_install command is deprecated setup.py egg_info --egg-base ../../build/custom_code build --build-base /home/alumno1/Documents/TP5-PRA-LopezVilaclara/ros2_ws/build/custom_code/build install --record /home/alumno1/Documents/TP5-PRA-LopezVilaclara/ros2_ws/build/custom_code/install.log --single-version-externally-managed install_data
[2.754s] Level 1:colcon.colcon_core.environment:checking '/home/alumno1/Documents/TP5-PRA-LopezVilaclara/ros2_ws/install/custom_code' for CMake module files
[2.754s] DEBUG:colcon.colcon_core.event_handler.log_command:Invoked command in '/home/alumno1/Documents/TP5-PRA-LopezVilaclara/ros2_ws/src/custom_code' returned '0': AMENT_PREFIX_PATH=/home/alumno1/Documents/TP5-PRA-LopezVilaclara/ros2_ws/install/custom_msgs:${AMENT_PREFIX_PATH} CMAKE_PREFIX_PATH=/home/alumno1/Documents/TP5-PRA-LopezVilaclara/ros2_ws/install/custom_msgs:${CMAKE_PREFIX_PATH} LD_LIBRARY_PATH=/home/alumno1/Documents/TP5-PRA-LopezVilaclara/ros2_ws/install/custom_msgs/lib:/home/alumno1/turtlebot3_ws/install/turtlebot3_msgs/lib:/home/alumno1/turtlebot3_ws/install/dynamixel_sdk_custom_interfaces/lib:/home/alumno1/turtlebot3_ws/install/dynamixel_sdk/lib:/usr/lib/x86_64-linux-gnu/gazebo-11/plugins:/opt/ros/humble/opt/rviz_ogre_vendor/lib:/opt/ros/humble/lib/x86_64-linux-gnu:/opt/ros/humble/lib:/usr/lib/x86_64-linux-gnu/gazebo-11/plugins PYTHONPATH=/home/alumno1/Documents/TP5-PRA-LopezVilaclara/ros2_ws/build/custom_code/prefix_override:/usr/lib/python3/dist-packages/colcon_core/task/python/colcon_distutils_commands:/home/alumno1/Documents/TP5-PRA-LopezVilaclara/ros2_ws/install/custom_code/lib/python3.10/site-packages:/home/alumno1/Documents/TP5-PRA-LopezVilaclara/ros2_ws/install/custom_msgs/local/lib/python3.10/dist-packages:${PYTHONPATH} /usr/bin/python3 -W ignore:setup.py install is deprecated -W ignore:easy_install command is deprecated setup.py egg_info --egg-base ../../build/custom_code build --build-base /home/alumno1/Documents/TP5-PRA-LopezVilaclara/ros2_ws/build/custom_code/build install --record /home/alumno1/Documents/TP5-PRA-LopezVilaclara/ros2_ws/build/custom_code/install.log --single-version-externally-managed install_data
[2.754s] Level 1:colcon.colcon_core.environment:checking '/home/alumno1/Documents/TP5-PRA-LopezVilaclara/ros2_ws/install/custom_code' for CMake config files
[2.754s] Level 1:colcon.colcon_core.environment:checking '/home/alumno1/Documents/TP5-PRA-LopezVilaclara/ros2_ws/install/custom_code/lib'
[2.754s] Level 1:colcon.colcon_core.environment:checking '/home/alumno1/Documents/TP5-PRA-LopezVilaclara/ros2_ws/install/custom_code/bin'
[2.754s] Level 1:colcon.colcon_core.environment:checking '/home/alumno1/Documents/TP5-PRA-LopezVilaclara/ros2_ws/install/custom_code/lib/pkgconfig/custom_code.pc'
[2.755s] Level 1:colcon.colcon_core.environment:checking '/home/alumno1/Documents/TP5-PRA-LopezVilaclara/ros2_ws/install/custom_code/lib/python3.10/site-packages'
[2.755s] Level 1:colcon.colcon_core.shell:create_environment_hook('custom_code', 'pythonpath')
[2.755s] INFO:colcon.colcon_core.shell:Creating environment hook '/home/alumno1/Documents/TP5-PRA-LopezVilaclara/ros2_ws/install/custom_code/share/custom_code/hook/pythonpath.ps1'
[2.755s] INFO:colcon.colcon_core.shell:Creating environment descriptor '/home/alumno1/Documents/TP5-PRA-LopezVilaclara/ros2_ws/install/custom_code/share/custom_code/hook/pythonpath.dsv'
[2.755s] INFO:colcon.colcon_core.shell:Creating environment hook '/home/alumno1/Documents/TP5-PRA-LopezVilaclara/ros2_ws/install/custom_code/share/custom_code/hook/pythonpath.sh'
[2.755s] Level 1:colcon.colcon_core.environment:checking '/home/alumno1/Documents/TP5-PRA-LopezVilaclara/ros2_ws/install/custom_code/bin'
[2.755s] Level 1:colcon.colcon_core.environment:create_environment_scripts_only(custom_code)
[2.755s] INFO:colcon.colcon_core.shell:Creating package script '/home/alumno1/Documents/TP5-PRA-LopezVilaclara/ros2_ws/install/custom_code/share/custom_code/package.ps1'
[2.755s] INFO:colcon.colcon_core.shell:Creating package descriptor '/home/alumno1/Documents/TP5-PRA-LopezVilaclara/ros2_ws/install/custom_code/share/custom_code/package.dsv'
[2.756s] INFO:colcon.colcon_core.shell:Creating package script '/home/alumno1/Documents/TP5-PRA-LopezVilaclara/ros2_ws/install/custom_code/share/custom_code/package.sh'
[2.756s] INFO:colcon.colcon_core.shell:Creating package script '/home/alumno1/Documents/TP5-PRA-LopezVilaclara/ros2_ws/install/custom_code/share/custom_code/package.bash'
[2.756s] INFO:colcon.colcon_core.shell:Creating package script '/home/alumno1/Documents/TP5-PRA-LopezVilaclara/ros2_ws/install/custom_code/share/custom_code/package.zsh'
[2.756s] Level 1:colcon.colcon_core.environment:create_file_with_runtime_dependencies(/home/alumno1/Documents/TP5-PRA-LopezVilaclara/ros2_ws/install/custom_code/share/colcon-core/packages/custom_code)
[5.127s] DEBUG:colcon.colcon_core.event_handler.log_command:Invoked command in '/home/alumno1/Documents/TP5-PRA-LopezVilaclara/ros2_ws/build/turtlebot3_custom_simulation' returned '0': CMAKE_PREFIX_PATH=${CMAKE_PREFIX_PATH}:/home/alumno1/turtlebot3_ws/install/turtlebot3_teleop:/home/alumno1/turtlebot3_ws/install/turtlebot3_example:/opt/ros/humble /usr/bin/cmake --build /home/alumno1/Documents/TP5-PRA-LopezVilaclara/ros2_ws/build/turtlebot3_custom_simulation -- -j28 -l28
[5.128s] DEBUG:colcon.colcon_core.event_handler.log_command:Invoking command in '/home/alumno1/Documents/TP5-PRA-LopezVilaclara/ros2_ws/build/turtlebot3_custom_simulation': CMAKE_PREFIX_PATH=${CMAKE_PREFIX_PATH}:/home/alumno1/turtlebot3_ws/install/turtlebot3_teleop:/home/alumno1/turtlebot3_ws/install/turtlebot3_example:/opt/ros/humble /usr/bin/cmake --install /home/alumno1/Documents/TP5-PRA-LopezVilaclara/ros2_ws/build/turtlebot3_custom_simulation
[5.135s] Level 1:colcon.colcon_core.environment:create_environment_scripts_only(turtlebot3_custom_simulation)
[5.135s] Level 1:colcon.colcon_core.environment:checking '/home/alumno1/Documents/TP5-PRA-LopezVilaclara/ros2_ws/install/turtlebot3_custom_simulation' for CMake module files
[5.135s] DEBUG:colcon.colcon_core.event_handler.log_command:Invoked command in '/home/alumno1/Documents/TP5-PRA-LopezVilaclara/ros2_ws/build/turtlebot3_custom_simulation' returned '0': CMAKE_PREFIX_PATH=${CMAKE_PREFIX_PATH}:/home/alumno1/turtlebot3_ws/install/turtlebot3_teleop:/home/alumno1/turtlebot3_ws/install/turtlebot3_example:/opt/ros/humble /usr/bin/cmake --install /home/alumno1/Documents/TP5-PRA-LopezVilaclara/ros2_ws/build/turtlebot3_custom_simulation
[5.135s] Level 1:colcon.colcon_core.environment:checking '/home/alumno1/Documents/TP5-PRA-LopezVilaclara/ros2_ws/install/turtlebot3_custom_simulation' for CMake config files
[5.135s] Level 1:colcon.colcon_core.shell:create_environment_hook('turtlebot3_custom_simulation', 'cmake_prefix_path')
[5.136s] INFO:colcon.colcon_core.shell:Creating environment hook '/home/alumno1/Documents/TP5-PRA-LopezVilaclara/ros2_ws/install/turtlebot3_custom_simulation/share/turtlebot3_custom_simulation/hook/cmake_prefix_path.ps1'
[5.136s] INFO:colcon.colcon_core.shell:Creating environment descriptor '/home/alumno1/Documents/TP5-PRA-LopezVilaclara/ros2_ws/install/turtlebot3_custom_simulation/share/turtlebot3_custom_simulation/hook/cmake_prefix_path.dsv'
[5.136s] INFO:colcon.colcon_core.shell:Creating environment hook '/home/alumno1/Documents/TP5-PRA-LopezVilaclara/ros2_ws/install/turtlebot3_custom_simulation/share/turtlebot3_custom_simulation/hook/cmake_prefix_path.sh'
[5.136s] Level 1:colcon.colcon_core.environment:checking '/home/alumno1/Documents/TP5-PRA-LopezVilaclara/ros2_ws/install/turtlebot3_custom_simulation/lib'
[5.136s] Level 1:colcon.colcon_core.environment:checking '/home/alumno1/Documents/TP5-PRA-LopezVilaclara/ros2_ws/install/turtlebot3_custom_simulation/bin'
[5.136s] Level 1:colcon.colcon_core.environment:checking '/home/alumno1/Documents/TP5-PRA-LopezVilaclara/ros2_ws/install/turtlebot3_custom_simulation/lib/pkgconfig/turtlebot3_custom_simulation.pc'
[5.136s] Level 1:colcon.colcon_core.environment:checking '/home/alumno1/Documents/TP5-PRA-LopezVilaclara/ros2_ws/install/turtlebot3_custom_simulation/lib/python3.10/site-packages'
[5.136s] Level 1:colcon.colcon_core.environment:checking '/home/alumno1/Documents/TP5-PRA-LopezVilaclara/ros2_ws/install/turtlebot3_custom_simulation/bin'
[5.136s] INFO:colcon.colcon_core.shell:Creating package script '/home/alumno1/Documents/TP5-PRA-LopezVilaclara/ros2_ws/install/turtlebot3_custom_simulation/share/turtlebot3_custom_simulation/package.ps1'
[5.137s] INFO:colcon.colcon_core.shell:Creating package descriptor '/home/alumno1/Documents/TP5-PRA-LopezVilaclara/ros2_ws/install/turtlebot3_custom_simulation/share/turtlebot3_custom_simulation/package.dsv'
[5.137s] INFO:colcon.colcon_core.shell:Creating package script '/home/alumno1/Documents/TP5-PRA-LopezVilaclara/ros2_ws/install/turtlebot3_custom_simulation/share/turtlebot3_custom_simulation/package.sh'
[5.137s] INFO:colcon.colcon_core.shell:Creating package script '/home/alumno1/Documents/TP5-PRA-LopezVilaclara/ros2_ws/install/turtlebot3_custom_simulation/share/turtlebot3_custom_simulation/package.bash'
[5.137s] INFO:colcon.colcon_core.shell:Creating package script '/home/alumno1/Documents/TP5-PRA-LopezVilaclara/ros2_ws/install/turtlebot3_custom_simulation/share/turtlebot3_custom_simulation/package.zsh'
[5.137s] Level 1:colcon.colcon_core.environment:create_file_with_runtime_dependencies(/home/alumno1/Documents/TP5-PRA-LopezVilaclara/ros2_ws/install/turtlebot3_custom_simulation/share/colcon-core/packages/turtlebot3_custom_simulation)
[5.137s] Level 1:colcon.colcon_core.environment:create_environment_scripts_only(turtlebot3_custom_simulation)
[5.137s] Level 1:colcon.colcon_core.environment:checking '/home/alumno1/Documents/TP5-PRA-LopezVilaclara/ros2_ws/install/turtlebot3_custom_simulation' for CMake module files
[5.137s] Level 1:colcon.colcon_core.environment:checking '/home/alumno1/Documents/TP5-PRA-LopezVilaclara/ros2_ws/install/turtlebot3_custom_simulation' for CMake config files
[5.138s] Level 1:colcon.colcon_core.shell:create_environment_hook('turtlebot3_custom_simulation', 'cmake_prefix_path')
[5.138s] INFO:colcon.colcon_core.shell:Creating environment hook '/home/alumno1/Documents/TP5-PRA-LopezVilaclara/ros2_ws/install/turtlebot3_custom_simulation/share/turtlebot3_custom_simulation/hook/cmake_prefix_path.ps1'
[5.138s] INFO:colcon.colcon_core.shell:Creating environment descriptor '/home/alumno1/Documents/TP5-PRA-LopezVilaclara/ros2_ws/install/turtlebot3_custom_simulation/share/turtlebot3_custom_simulation/hook/cmake_prefix_path.dsv'
[5.138s] INFO:colcon.colcon_core.shell:Creating environment hook '/home/alumno1/Documents/TP5-PRA-LopezVilaclara/ros2_ws/install/turtlebot3_custom_simulation/share/turtlebot3_custom_simulation/hook/cmake_prefix_path.sh'
[5.138s] Level 1:colcon.colcon_core.environment:checking '/home/alumno1/Documents/TP5-PRA-LopezVilaclara/ros2_ws/install/turtlebot3_custom_simulation/lib'
[5.138s] Level 1:colcon.colcon_core.environment:checking '/home/alumno1/Documents/TP5-PRA-LopezVilaclara/ros2_ws/install/turtlebot3_custom_simulation/bin'
[5.138s] Level 1:colcon.colcon_core.environment:checking '/home/alumno1/Documents/TP5-PRA-LopezVilaclara/ros2_ws/install/turtlebot3_custom_simulation/lib/pkgconfig/turtlebot3_custom_simulation.pc'
[5.138s] Level 1:colcon.colcon_core.environment:checking '/home/alumno1/Documents/TP5-PRA-LopezVilaclara/ros2_ws/install/turtlebot3_custom_simulation/lib/python3.10/site-packages'
[5.138s] Level 1:colcon.colcon_core.environment:checking '/home/alumno1/Documents/TP5-PRA-LopezVilaclara/ros2_ws/install/turtlebot3_custom_simulation/bin'
[5.138s] INFO:colcon.colcon_core.shell:Creating package script '/home/alumno1/Documents/TP5-PRA-LopezVilaclara/ros2_ws/install/turtlebot3_custom_simulation/share/turtlebot3_custom_simulation/package.ps1'
[5.139s] INFO:colcon.colcon_core.shell:Creating package descriptor '/home/alumno1/Documents/TP5-PRA-LopezVilaclara/ros2_ws/install/turtlebot3_custom_simulation/share/turtlebot3_custom_simulation/package.dsv'
[5.139s] INFO:colcon.colcon_core.shell:Creating package script '/home/alumno1/Documents/TP5-PRA-LopezVilaclara/ros2_ws/install/turtlebot3_custom_simulation/share/turtlebot3_custom_simulation/package.sh'
[5.139s] INFO:colcon.colcon_core.shell:Creating package script '/home/alumno1/Documents/TP5-PRA-LopezVilaclara/ros2_ws/install/turtlebot3_custom_simulation/share/turtlebot3_custom_simulation/package.bash'
[5.139s] INFO:colcon.colcon_core.shell:Creating package script '/home/alumno1/Documents/TP5-PRA-LopezVilaclara/ros2_ws/install/turtlebot3_custom_simulation/share/turtlebot3_custom_simulation/package.zsh'
[5.139s] Level 1:colcon.colcon_core.environment:create_file_with_runtime_dependencies(/home/alumno1/Documents/TP5-PRA-LopezVilaclara/ros2_ws/install/turtlebot3_custom_simulation/share/colcon-core/packages/turtlebot3_custom_simulation)
[5.139s] DEBUG:colcon.colcon_parallel_executor.executor.parallel:closing loop
[5.140s] DEBUG:colcon.colcon_parallel_executor.executor.parallel:loop closed
[5.140s] DEBUG:colcon.colcon_parallel_executor.executor.parallel:run_until_complete finished with '0'
[5.140s] DEBUG:colcon.colcon_core.event_reactor:joining thread
[5.142s] INFO:colcon.colcon_core.plugin_system:Skipping extension 'colcon_notification.desktop_notification.terminal_notifier': Not used on non-Darwin systems
[5.142s] INFO:colcon.colcon_core.plugin_system:Skipping extension 'colcon_notification.desktop_notification.win32': Not used on non-Windows systems
[5.142s] INFO:colcon.colcon_notification.desktop_notification:Sending desktop notification using 'notify2'
[5.151s] DEBUG:colcon.colcon_core.event_reactor:joined thread
[5.151s] INFO:colcon.colcon_core.shell:Creating prefix script '/home/alumno1/Documents/TP5-PRA-LopezVilaclara/ros2_ws/install/local_setup.ps1'
[5.152s] INFO:colcon.colcon_core.shell:Creating prefix util module '/home/alumno1/Documents/TP5-PRA-LopezVilaclara/ros2_ws/install/_local_setup_util_ps1.py'
[5.153s] INFO:colcon.colcon_core.shell:Creating prefix chain script '/home/alumno1/Documents/TP5-PRA-LopezVilaclara/ros2_ws/install/setup.ps1'
[5.154s] INFO:colcon.colcon_core.shell:Creating prefix script '/home/alumno1/Documents/TP5-PRA-LopezVilaclara/ros2_ws/install/local_setup.sh'
[5.154s] INFO:colcon.colcon_core.shell:Creating prefix util module '/home/alumno1/Documents/TP5-PRA-LopezVilaclara/ros2_ws/install/_local_setup_util_sh.py'
[5.154s] INFO:colcon.colcon_core.shell:Creating prefix chain script '/home/alumno1/Documents/TP5-PRA-LopezVilaclara/ros2_ws/install/setup.sh'
[5.155s] INFO:colcon.colcon_core.shell:Creating prefix script '/home/alumno1/Documents/TP5-PRA-LopezVilaclara/ros2_ws/install/local_setup.bash'
[5.155s] INFO:colcon.colcon_core.shell:Creating prefix chain script '/home/alumno1/Documents/TP5-PRA-LopezVilaclara/ros2_ws/install/setup.bash'
[5.156s] INFO:colcon.colcon_core.shell:Creating prefix script '/home/alumno1/Documents/TP5-PRA-LopezVilaclara/ros2_ws/install/local_setup.zsh'
[5.156s] INFO:colcon.colcon_core.shell:Creating prefix chain script '/home/alumno1/Documents/TP5-PRA-LopezVilaclara/ros2_ws/install/setup.zsh'
