running egg_info
writing ../../build/custom_code/custom_code.egg-info/PKG-INFO
writing dependency_links to ../../build/custom_code/custom_code.egg-info/dependency_links.txt
writing entry points to ../../build/custom_code/custom_code.egg-info/entry_points.txt
writing requirements to ../../build/custom_code/custom_code.egg-info/requires.txt
writing top-level names to ../../build/custom_code/custom_code.egg-info/top_level.txt
reading manifest file '../../build/custom_code/custom_code.egg-info/SOURCES.txt'
writing manifest file '../../build/custom_code/custom_code.egg-info/SOURCES.txt'
running build
running build_py
running install
running install_lib
running install_data
copying launch/launch_my_fastslam.launch.py -> /home/alumno1/Documents/TP5-PRA-LopezVilaclara/ros2_ws/install/custom_code/share/custom_code/launch
running install_egg_info
removing '/home/alumno1/Documents/TP5-PRA-LopezVilaclara/ros2_ws/install/custom_code/lib/python3.10/site-packages/custom_code-0.0.0-py3.10.egg-info' (and everything under it)
Copying ../../build/custom_code/custom_code.egg-info to /home/alumno1/Documents/TP5-PRA-LopezVilaclara/ros2_ws/install/custom_code/lib/python3.10/site-packages/custom_code-0.0.0-py3.10.egg-info
running install_scripts
Installing ekf script to /home/alumno1/Documents/TP5-PRA-LopezVilaclara/ros2_ws/install/custom_code/lib/custom_code
Installing ekf_correction script to /home/alumno1/Documents/TP5-PRA-LopezVilaclara/ros2_ws/install/custom_code/lib/custom_code
Installing ekf_prediction script to /home/alumno1/Documents/TP5-PRA-LopezVilaclara/ros2_ws/install/custom_code/lib/custom_code
Installing fastslam script to /home/alumno1/Documents/TP5-PRA-LopezVilaclara/ros2_ws/install/custom_code/lib/custom_code
Installing fastslam_node script to /home/alumno1/Documents/TP5-PRA-LopezVilaclara/ros2_ws/install/custom_code/lib/custom_code
Installing feature_finder script to /home/alumno1/Documents/TP5-PRA-LopezVilaclara/ros2_ws/install/custom_code/lib/custom_code
Installing features script to /home/alumno1/Documents/TP5-PRA-LopezVilaclara/ros2_ws/install/custom_code/lib/custom_code
Installing likelihood script to /home/alumno1/Documents/TP5-PRA-LopezVilaclara/ros2_ws/install/custom_code/lib/custom_code
Installing localization script to /home/alumno1/Documents/TP5-PRA-LopezVilaclara/ros2_ws/install/custom_code/lib/custom_code
Installing my_tf script to /home/alumno1/Documents/TP5-PRA-LopezVilaclara/ros2_ws/install/custom_code/lib/custom_code
writing list of installed files to '/home/alumno1/Documents/TP5-PRA-LopezVilaclara/ros2_ws/build/custom_code/install.log'
